<?xml version="1.0" encoding="UTF-8"?>
<testsuite name="com.example.contract.IOUFlowTests" tests="8" skipped="0" failures="0" errors="0" timestamp="2017-10-11T17:42:00" hostname="VAIO" time="24.131">
  <properties/>
  <testcase name="flowRejectsIOUsThatAreNotSignedByTheSender" classname="com.example.contract.IOUFlowTests" time="16.364"/>
  <testcase name="flowRejectsInvalidIOUs" classname="com.example.contract.IOUFlowTests" time="1.24"/>
  <testcase name="signedTransactionReturnedByTheFlowIsSignedByTheAcceptor" classname="com.example.contract.IOUFlowTests" time="1.465"/>
  <testcase name="signedTransactionReturnedByTheFlowIsSignedByTheInitiator" classname="com.example.contract.IOUFlowTests" time="1.134"/>
  <testcase name="recordedTransactionHasNoInputsAndASingleOutputTheInputIOU" classname="com.example.contract.IOUFlowTests" time="1.129"/>
  <testcase name="flowRejectsInvalidIOUStates" classname="com.example.contract.IOUFlowTests" time="0.99"/>
  <testcase name="flowRejectsIOUsThatAreNotSignedByTheRecipient" classname="com.example.contract.IOUFlowTests" time="0.854"/>
  <testcase name="flowRecordsATransactionInBothPartiesVaults" classname="com.example.contract.IOUFlowTests" time="0.954"/>
  <system-out><![CDATA[2017-10-11 18:42:03,537 Test worker WARN Unable to instantiate org.fusesource.jansi.WindowsAnsiOutputStream
?[31mW 18:42:05 11 MockNetwork$MockNode.start - Corda node is running in dev mode.
?[m?[37mI 18:42:07 11 MockNetwork$MockNode.start - Node starting up ...
?[m?[37mI 18:42:07 11 HikariDataSource.<init> - HikariPool-1 - Started.
?[m?[37mI 18:42:08 11 MockNetwork$MockNode.initialiseDatabasePersistence - Connected to h2 database.
?[m?[37mI 18:42:08 11 HikariDataSource.<init> - HikariPool-2 - Started.
?[m?[37mI 18:42:09 11 MockNetwork$MockNode.obtainKeyPair - Identity key not found, generating fresh key!
?[m?[37mI 18:42:11 11 HikariDataSource.<init> - HikariPool-3 - Started.
?[m?[37mI 18:42:11 11 MockNetwork$MockNode.obtainKeyPair - Identity key not found, generating fresh key!
?[m?[37mI 18:42:11 11 MockNetwork$MockNode.registerFlowInitiator - Registering flow com.example.flow.ExampleFlow$Initiator
?[m?[37mI 18:42:11 11 MockNetwork$MockNode.registerFlowInitiator - Registering flow net.corda.flows.NotaryChangeFlow$Instigator
?[m?[37mI 18:42:11 11 MockNetwork$MockNode.registerFlowInitiator - Registering flow net.corda.flows.FetchTransactionsFlow
?[m?[37mI 18:42:11 11 MockNetwork$MockNode.registerFlowInitiator - Registering flow net.corda.flows.FetchAttachmentsFlow
?[m?[37mI 18:42:11 11 MockNetwork$MockNode.registerFlowInitiator - Registering flow net.corda.flows.BroadcastTransactionFlow
?[m?[37mI 18:42:12 11 HibernateObserver.makeSessionFactoryForSchema - Creating session factory for schema CashSchemaV1(name=net.corda.schemas.CashSchema, version=1)
?[m?[37mI 18:42:12 11 Version.logVersion - HHH000412: Hibernate Core {5.2.6.Final}
?[m?[37mI 18:42:12 11 Environment.<clinit> - HHH000206: hibernate.properties not found
?[m?[37mI 18:42:12 11 Version.<clinit> - HCANN000001: Hibernate Commons Annotations {5.0.1.Final}
?[m?[37mI 18:42:12 11 ConnectionProviderInitiator.initiateService - HHH000130: Instantiating explicit connection provider: net.corda.node.services.schema.HibernateObserver$NodeDatabaseConnectionProvider
?[m?[37mI 18:42:13 11 Dialect.<init> - HHH000400: Using dialect: org.hibernate.dialect.H2Dialect
?[m?[37mI 18:42:14 11 access.getIsolatedConnection - HHH10001501: Connection obtained from JdbcConnectionAccess [org.hibernate.engine.jdbc.env.internal.JdbcEnvironmentInitiator$ConnectionProviderJdbcConnectionAccess@35170334] for (non-JTA) DDL execution was not in auto-commit mode; the Connection 'local transaction' will be committed and the Connection will be set into auto-commit mode.
?[m?[37mI 18:42:14 11 HibernateObserver.makeSessionFactoryForSchema - Created session factory for schema CashSchemaV1(name=net.corda.schemas.CashSchema, version=1)
?[m?[37mI 18:42:15 11 MockNetwork$MockNode.registerFlowInitiator - Registering flow net.corda.flows.ContractUpgradeFlow$Instigator
?[m?[31mW 18:42:15 11 MockNetwork$MockNode.start - Corda node is running in dev mode.
?[m?[37mI 18:42:15 11 MockNetwork$MockNode.start - Node starting up ...
?[m?[37mI 18:42:15 11 HikariDataSource.<init> - HikariPool-4 - Started.
?[m?[37mI 18:42:15 11 MockNetwork$MockNode.initialiseDatabasePersistence - Connected to h2 database.
?[m?[37mI 18:42:15 11 HikariDataSource.<init> - HikariPool-5 - Started.
?[m?[37mI 18:42:15 11 MockNetwork$MockNode.obtainKeyPair - Identity key not found, generating fresh key!
?[m?[37mI 18:42:15 11 HikariDataSource.<init> - HikariPool-6 - Started.
?[m?[37mI 18:42:15 11 MockNetwork$MockNode.obtainKeyPair - Identity key not found, generating fresh key!
?[m?[37mI 18:42:15 11 MockNetwork$MockNode.registerFlowInitiator - Registering flow net.corda.flows.NotaryFlow$Client
?[m?[37mI 18:42:15 11 MockNetwork$MockNode.registerFlowInitiator - Registering flow com.example.flow.ExampleFlow$Initiator
?[m?[37mI 18:42:15 11 MockNetwork$MockNode.registerFlowInitiator - Registering flow net.corda.flows.NotaryChangeFlow$Instigator
?[m?[37mI 18:42:15 11 MockNetwork$MockNode.registerFlowInitiator - Registering flow net.corda.flows.FetchTransactionsFlow
?[m?[37mI 18:42:15 11 MockNetwork$MockNode.registerFlowInitiator - Registering flow net.corda.flows.FetchAttachmentsFlow
?[m?[37mI 18:42:15 11 MockNetwork$MockNode.registerFlowInitiator - Registering flow net.corda.flows.BroadcastTransactionFlow
?[m?[37mI 18:42:15 11 HibernateObserver.makeSessionFactoryForSchema - Creating session factory for schema CashSchemaV1(name=net.corda.schemas.CashSchema, version=1)
?[m?[37mI 18:42:15 11 ConnectionProviderInitiator.initiateService - HHH000130: Instantiating explicit connection provider: net.corda.node.services.schema.HibernateObserver$NodeDatabaseConnectionProvider
?[m?[37mI 18:42:15 11 Dialect.<init> - HHH000400: Using dialect: org.hibernate.dialect.H2Dialect
?[m?[37mI 18:42:15 11 access.getIsolatedConnection - HHH10001501: Connection obtained from JdbcConnectionAccess [org.hibernate.engine.jdbc.env.internal.JdbcEnvironmentInitiator$ConnectionProviderJdbcConnectionAccess@6ae8f300] for (non-JTA) DDL execution was not in auto-commit mode; the Connection 'local transaction' will be committed and the Connection will be set into auto-commit mode.
?[m?[37mI 18:42:15 11 HibernateObserver.makeSessionFactoryForSchema - Created session factory for schema CashSchemaV1(name=net.corda.schemas.CashSchema, version=1)
?[m?[37mI 18:42:15 11 MockNetwork$MockNode.registerFlowInitiator - Registering flow net.corda.flows.ContractUpgradeFlow$Instigator
?[m?[31mW 18:42:15 11 MockNetwork$MockNode.start - Corda node is running in dev mode.
?[m?[37mI 18:42:15 11 MockNetwork$MockNode.start - Node starting up ...
?[m?[37mI 18:42:15 11 HikariDataSource.<init> - HikariPool-7 - Started.
?[m?[37mI 18:42:15 11 MockNetwork$MockNode.initialiseDatabasePersistence - Connected to h2 database.
?[m?[37mI 18:42:15 11 HikariDataSource.<init> - HikariPool-8 - Started.
?[m?[37mI 18:42:15 11 HikariDataSource.<init> - HikariPool-9 - Started.
?[m?[37mI 18:42:15 11 MockNetwork$MockNode.obtainKeyPair - Identity key not found, generating fresh key!
?[m?[37mI 18:42:15 11 MockNetwork$MockNode.registerFlowInitiator - Registering flow com.example.flow.ExampleFlow$Initiator
?[m?[37mI 18:42:15 11 MockNetwork$MockNode.registerFlowInitiator - Registering flow net.corda.flows.NotaryChangeFlow$Instigator
?[m?[37mI 18:42:15 11 MockNetwork$MockNode.registerFlowInitiator - Registering flow net.corda.flows.FetchTransactionsFlow
?[m?[37mI 18:42:15 11 MockNetwork$MockNode.registerFlowInitiator - Registering flow net.corda.flows.FetchAttachmentsFlow
?[m?[37mI 18:42:15 11 MockNetwork$MockNode.registerFlowInitiator - Registering flow net.corda.flows.BroadcastTransactionFlow
?[m?[37mI 18:42:15 11 HibernateObserver.makeSessionFactoryForSchema - Creating session factory for schema CashSchemaV1(name=net.corda.schemas.CashSchema, version=1)
?[m?[37mI 18:42:15 11 ConnectionProviderInitiator.initiateService - HHH000130: Instantiating explicit connection provider: net.corda.node.services.schema.HibernateObserver$NodeDatabaseConnectionProvider
?[m?[37mI 18:42:15 11 Dialect.<init> - HHH000400: Using dialect: org.hibernate.dialect.H2Dialect
?[m?[37mI 18:42:15 11 access.getIsolatedConnection - HHH10001501: Connection obtained from JdbcConnectionAccess [org.hibernate.engine.jdbc.env.internal.JdbcEnvironmentInitiator$ConnectionProviderJdbcConnectionAccess@5b3304d9] for (non-JTA) DDL execution was not in auto-commit mode; the Connection 'local transaction' will be committed and the Connection will be set into auto-commit mode.
?[m?[37mI 18:42:15 11 HibernateObserver.makeSessionFactoryForSchema - Created session factory for schema CashSchemaV1(name=net.corda.schemas.CashSchema, version=1)
?[m?[37mI 18:42:15 11 MockNetwork$MockNode.registerFlowInitiator - Registering flow net.corda.flows.ContractUpgradeFlow$Instigator
?[m?[31mW 18:42:15 11 MockNetwork$MockNode.start - Corda node is running in dev mode.
?[m?[37mI 18:42:15 11 MockNetwork$MockNode.start - Node starting up ...
?[m?[37mI 18:42:15 11 HikariDataSource.<init> - HikariPool-10 - Started.
?[m?[37mI 18:42:15 11 MockNetwork$MockNode.initialiseDatabasePersistence - Connected to h2 database.
?[m?[37mI 18:42:15 11 HikariDataSource.<init> - HikariPool-11 - Started.
?[m?[37mI 18:42:15 11 HikariDataSource.<init> - HikariPool-12 - Started.
?[m?[37mI 18:42:15 11 MockNetwork$MockNode.obtainKeyPair - Identity key not found, generating fresh key!
?[m?[37mI 18:42:15 11 MockNetwork$MockNode.registerFlowInitiator - Registering flow com.example.flow.ExampleFlow$Initiator
?[m?[37mI 18:42:15 11 MockNetwork$MockNode.registerFlowInitiator - Registering flow net.corda.flows.NotaryChangeFlow$Instigator
?[m?[37mI 18:42:15 11 MockNetwork$MockNode.registerFlowInitiator - Registering flow net.corda.flows.FetchTransactionsFlow
?[m?[37mI 18:42:15 11 MockNetwork$MockNode.registerFlowInitiator - Registering flow net.corda.flows.FetchAttachmentsFlow
?[m?[37mI 18:42:15 11 MockNetwork$MockNode.registerFlowInitiator - Registering flow net.corda.flows.BroadcastTransactionFlow
?[m?[37mI 18:42:15 11 HibernateObserver.makeSessionFactoryForSchema - Creating session factory for schema CashSchemaV1(name=net.corda.schemas.CashSchema, version=1)
?[m?[37mI 18:42:15 11 ConnectionProviderInitiator.initiateService - HHH000130: Instantiating explicit connection provider: net.corda.node.services.schema.HibernateObserver$NodeDatabaseConnectionProvider
?[m?[37mI 18:42:15 11 Dialect.<init> - HHH000400: Using dialect: org.hibernate.dialect.H2Dialect
?[m?[37mI 18:42:15 11 access.getIsolatedConnection - HHH10001501: Connection obtained from JdbcConnectionAccess [org.hibernate.engine.jdbc.env.internal.JdbcEnvironmentInitiator$ConnectionProviderJdbcConnectionAccess@293199c6] for (non-JTA) DDL execution was not in auto-commit mode; the Connection 'local transaction' will be committed and the Connection will be set into auto-commit mode.
?[m?[37mI 18:42:15 11 HibernateObserver.makeSessionFactoryForSchema - Created session factory for schema CashSchemaV1(name=net.corda.schemas.CashSchema, version=1)
?[m?[37mI 18:42:15 11 MockNetwork$MockNode.registerFlowInitiator - Registering flow net.corda.flows.ContractUpgradeFlow$Instigator
?[m?[31mW 18:42:15 11 MockNetwork$MockNode.start - Corda node is running in dev mode.
?[m?[37mI 18:42:15 11 MockNetwork$MockNode.start - Node starting up ...
?[m?[37mI 18:42:15 11 HikariDataSource.<init> - HikariPool-13 - Started.
?[m?[37mI 18:42:15 11 MockNetwork$MockNode.initialiseDatabasePersistence - Connected to h2 database.
?[m?[37mI 18:42:15 11 HikariDataSource.<init> - HikariPool-14 - Started.
?[m?[37mI 18:42:15 11 HikariDataSource.<init> - HikariPool-15 - Started.
?[m?[37mI 18:42:15 11 MockNetwork$MockNode.obtainKeyPair - Identity key not found, generating fresh key!
?[m?[37mI 18:42:15 11 MockNetwork$MockNode.registerFlowInitiator - Registering flow com.example.flow.ExampleFlow$Initiator
?[m?[37mI 18:42:15 11 MockNetwork$MockNode.registerFlowInitiator - Registering flow net.corda.flows.NotaryChangeFlow$Instigator
?[m?[37mI 18:42:15 11 MockNetwork$MockNode.registerFlowInitiator - Registering flow net.corda.flows.FetchTransactionsFlow
?[m?[37mI 18:42:15 11 MockNetwork$MockNode.registerFlowInitiator - Registering flow net.corda.flows.FetchAttachmentsFlow
?[m?[37mI 18:42:15 11 MockNetwork$MockNode.registerFlowInitiator - Registering flow net.corda.flows.BroadcastTransactionFlow
?[m?[37mI 18:42:15 11 HibernateObserver.makeSessionFactoryForSchema - Creating session factory for schema CashSchemaV1(name=net.corda.schemas.CashSchema, version=1)
?[m?[37mI 18:42:15 11 ConnectionProviderInitiator.initiateService - HHH000130: Instantiating explicit connection provider: net.corda.node.services.schema.HibernateObserver$NodeDatabaseConnectionProvider
?[m?[37mI 18:42:15 11 Dialect.<init> - HHH000400: Using dialect: org.hibernate.dialect.H2Dialect
?[m?[37mI 18:42:16 11 access.getIsolatedConnection - HHH10001501: Connection obtained from JdbcConnectionAccess [org.hibernate.engine.jdbc.env.internal.JdbcEnvironmentInitiator$ConnectionProviderJdbcConnectionAccess@40df3d4] for (non-JTA) DDL execution was not in auto-commit mode; the Connection 'local transaction' will be committed and the Connection will be set into auto-commit mode.
?[m?[37mI 18:42:16 11 HibernateObserver.makeSessionFactoryForSchema - Created session factory for schema CashSchemaV1(name=net.corda.schemas.CashSchema, version=1)
?[m?[37mI 18:42:16 11 MockNetwork$MockNode.registerFlowInitiator - Registering flow net.corda.flows.ContractUpgradeFlow$Instigator
?[m?[37mI 18:42:16 52 AbstractNetworkMapService.processRegistrationRequest - Added node Mock Company 0 to network map
?[m?[37mI 18:42:16 52 AbstractNetworkMapService.processRegistrationRequest - Added node Mock Company 1 to network map
?[m?[37mI 18:42:16 52 AbstractNetworkMapService.processRegistrationRequest - Added node Mock Company 2 to network map
?[m?[37mI 18:42:16 52 AbstractNetworkMapService.processRegistrationRequest - Added node Mock Company 3 to network map
?[m?[37mI 18:42:16 52 AbstractNetworkMapService.processRegistrationRequest - Added node Mock Company 4 to network map
?[mExampleFlow call 
ExampleFlow notary.getName() ou=corda.notary.simple,Mock Company 1
State getParticipants Mock Company 4
ExampleFlow txCommand com.example.contract.IOUContract$Commands$Create@a7306a8
IOUContract verify com.example.state.IOUState@461c150
State getParticipants Mock Company 4
ExampleFlow txCommand []
FlowLogic Just before sending SignedTransaction(id=A9AAC65BEB828F7DA2C0924E099BD7B6CD4A70B1C60A2D25A7ACE076545CDB11)
Acceptor Call 
?[1;31mE 18:42:17 52 [29f29891-78d0-4bd4-99fe-d0decca7fe7f].run - Flow finished with exception
?[m net.corda.core.flows.FlowException: A9AAC65BEB828F7DA2C0924E099BD7B6CD4A70B1C60A2D25A7ACE076545CDB11 failed signature checks
	at com.example.flow.ExampleFlow$Acceptor.lambda$call$0(ExampleFlow.java:173) ~[main/:?]
	at net.corda.core.utilities.UntrustworthyData.unwrap(UntrustworthyData.kt:24) ~[core-0.11.0.jar:?]
	at com.example.flow.ExampleFlow$Acceptor.call(ExampleFlow.java:158) ~[main/:?]
	at com.example.flow.ExampleFlow$Acceptor.call(ExampleFlow.java:113) ~[main/:?]
	at net.corda.node.services.statemachine.FlowStateMachineImpl.run(FlowStateMachineImpl.kt:127) [node-0.11.0.jar:?]
	at net.corda.node.services.statemachine.FlowStateMachineImpl.run(FlowStateMachineImpl.kt:41) [node-0.11.0.jar:?]
	at co.paralleluniverse.fibers.Fiber.run1(Fiber.java:1067) [quasar-core-0.7.6-jdk8.jar:0.7.6]
	at co.paralleluniverse.fibers.Fiber.exec(Fiber.java:767) [quasar-core-0.7.6-jdk8.jar:0.7.6]
	at co.paralleluniverse.fibers.RunnableFiberTask.doExec(RunnableFiberTask.java:100) [quasar-core-0.7.6-jdk8.jar:0.7.6]
	at co.paralleluniverse.fibers.RunnableFiberTask.run(RunnableFiberTask.java:91) [quasar-core-0.7.6-jdk8.jar:0.7.6]
	at java.util.concurrent.Executors$RunnableAdapter.call(Executors.java:511) [?:1.8.0_121]
	at java.util.concurrent.FutureTask.run(FutureTask.java:266) [?:1.8.0_121]
	at java.util.concurrent.ScheduledThreadPoolExecutor$ScheduledFutureTask.access$201(ScheduledThreadPoolExecutor.java:180) [?:1.8.0_121]
	at java.util.concurrent.ScheduledThreadPoolExecutor$ScheduledFutureTask.run(ScheduledThreadPoolExecutor.java:293) [?:1.8.0_121]
	at java.util.concurrent.ThreadPoolExecutor.runWorker(ThreadPoolExecutor.java:1142) [?:1.8.0_121]
	at java.util.concurrent.ThreadPoolExecutor$Worker.run(ThreadPoolExecutor.java:617) [?:1.8.0_121]
	at net.corda.node.utilities.AffinityExecutor$ServiceAffinityExecutor$1$thread$1.run(AffinityExecutor.kt:69) [node-0.11.0.jar:?]
Caused by: net.corda.core.transactions.SignedTransaction$SignaturesMissingException
	at net.corda.core.transactions.SignedTransaction.verifySignatures(SignedTransaction.kt:79) ~[core-0.11.0.jar:?]
	at com.example.flow.ExampleFlow$Acceptor.lambda$call$0(ExampleFlow.java:166) ~[main/:?]
	... 16 more
?[1;31mE 18:42:17 52 [9f915a46-36dc-490e-9eb5-4d7e67e260a7].run - Flow ended due to receiving exception
?[m net.corda.core.flows.FlowException: A9AAC65BEB828F7DA2C0924E099BD7B6CD4A70B1C60A2D25A7ACE076545CDB11 failed signature checks
	at net.corda.node.services.statemachine.FlowStateMachineImpl.erroredEnd(FlowStateMachineImpl.kt:363) ~[node-0.11.0.jar:?]
	at net.corda.node.services.statemachine.FlowStateMachineImpl.waitForLedgerCommit(FlowStateMachineImpl.kt:237) ~[node-0.11.0.jar:?]
	at net.corda.core.flows.FlowLogic.waitForLedgerCommit(FlowLogic.kt:186) ~[core-0.11.0.jar:?]
	at com.example.flow.ExampleFlow$Initiator.call(ExampleFlow.java:109) ~[main/:?]
	at com.example.flow.ExampleFlow$Initiator.call(ExampleFlow.java:36) ~[main/:?]
	at net.corda.node.services.statemachine.FlowStateMachineImpl.run(FlowStateMachineImpl.kt:127) [node-0.11.0.jar:?]
	at net.corda.node.services.statemachine.FlowStateMachineImpl.run(FlowStateMachineImpl.kt:41) [node-0.11.0.jar:?]
	at co.paralleluniverse.fibers.Fiber.run1(Fiber.java:1067) [quasar-core-0.7.6-jdk8.jar:0.7.6]
	at co.paralleluniverse.fibers.Fiber.exec(Fiber.java:767) [quasar-core-0.7.6-jdk8.jar:0.7.6]
	at co.paralleluniverse.fibers.RunnableFiberTask.doExec(RunnableFiberTask.java:100) [quasar-core-0.7.6-jdk8.jar:0.7.6]
	at co.paralleluniverse.fibers.RunnableFiberTask.run(RunnableFiberTask.java:91) [quasar-core-0.7.6-jdk8.jar:0.7.6]
	at java.util.concurrent.Executors$RunnableAdapter.call(Executors.java:511) [?:1.8.0_121]
	at java.util.concurrent.FutureTask.run(FutureTask.java:266) [?:1.8.0_121]
	at java.util.concurrent.ScheduledThreadPoolExecutor$ScheduledFutureTask.access$201(ScheduledThreadPoolExecutor.java:180) [?:1.8.0_121]
	at java.util.concurrent.ScheduledThreadPoolExecutor$ScheduledFutureTask.run(ScheduledThreadPoolExecutor.java:293) [?:1.8.0_121]
	at java.util.concurrent.ThreadPoolExecutor.runWorker(ThreadPoolExecutor.java:1142) [?:1.8.0_121]
	at java.util.concurrent.ThreadPoolExecutor$Worker.run(ThreadPoolExecutor.java:617) [?:1.8.0_121]
	at net.corda.node.utilities.AffinityExecutor$ServiceAffinityExecutor$1$thread$1.run(AffinityExecutor.kt:69) [node-0.11.0.jar:?]
Caused by: net.corda.core.transactions.SignedTransaction$SignaturesMissingException
?[37mI 18:42:17 11 HikariPool.shutdown - HikariPool-1 - Close initiated...
?[m?[37mI 18:42:17 11 HikariPool.shutdown - HikariPool-1 - Closed.
?[m?[37mI 18:42:17 11 HikariPool.shutdown - HikariPool-4 - Close initiated...
?[m?[37mI 18:42:17 11 HikariPool.shutdown - HikariPool-4 - Closed.
?[m?[37mI 18:42:17 11 HikariPool.shutdown - HikariPool-7 - Close initiated...
?[m?[37mI 18:42:17 11 HikariPool.shutdown - HikariPool-7 - Closed.
?[m?[37mI 18:42:17 11 HikariPool.shutdown - HikariPool-10 - Close initiated...
?[m?[37mI 18:42:17 11 HikariPool.shutdown - HikariPool-10 - Closed.
?[m?[37mI 18:42:17 11 HikariPool.shutdown - HikariPool-13 - Close initiated...
?[m?[37mI 18:42:17 11 HikariPool.shutdown - HikariPool-13 - Closed.
?[m?[31mW 18:42:17 11 MockNetwork$MockNode.start - Corda node is running in dev mode.
?[m?[37mI 18:42:17 11 MockNetwork$MockNode.start - Node starting up ...
?[m?[37mI 18:42:17 11 HikariDataSource.<init> - HikariPool-16 - Started.
?[m?[37mI 18:42:17 11 MockNetwork$MockNode.initialiseDatabasePersistence - Connected to h2 database.
?[m?[37mI 18:42:17 11 HikariDataSource.<init> - HikariPool-17 - Started.
?[m?[37mI 18:42:17 11 MockNetwork$MockNode.obtainKeyPair - Identity key not found, generating fresh key!
?[m?[37mI 18:42:17 11 HikariDataSource.<init> - HikariPool-18 - Started.
?[m?[37mI 18:42:17 11 MockNetwork$MockNode.obtainKeyPair - Identity key not found, generating fresh key!
?[m?[37mI 18:42:17 11 MockNetwork$MockNode.registerFlowInitiator - Registering flow com.example.flow.ExampleFlow$Initiator
?[m?[37mI 18:42:17 11 MockNetwork$MockNode.registerFlowInitiator - Registering flow net.corda.flows.NotaryChangeFlow$Instigator
?[m?[37mI 18:42:17 11 MockNetwork$MockNode.registerFlowInitiator - Registering flow net.corda.flows.FetchTransactionsFlow
?[m?[37mI 18:42:17 11 MockNetwork$MockNode.registerFlowInitiator - Registering flow net.corda.flows.FetchAttachmentsFlow
?[m?[37mI 18:42:17 11 MockNetwork$MockNode.registerFlowInitiator - Registering flow net.corda.flows.BroadcastTransactionFlow
?[m?[37mI 18:42:17 11 HibernateObserver.makeSessionFactoryForSchema - Creating session factory for schema CashSchemaV1(name=net.corda.schemas.CashSchema, version=1)
?[m?[37mI 18:42:17 11 ConnectionProviderInitiator.initiateService - HHH000130: Instantiating explicit connection provider: net.corda.node.services.schema.HibernateObserver$NodeDatabaseConnectionProvider
?[m?[37mI 18:42:17 11 Dialect.<init> - HHH000400: Using dialect: org.hibernate.dialect.H2Dialect
?[m?[37mI 18:42:17 11 access.getIsolatedConnection - HHH10001501: Connection obtained from JdbcConnectionAccess [org.hibernate.engine.jdbc.env.internal.JdbcEnvironmentInitiator$ConnectionProviderJdbcConnectionAccess@1372c9c6] for (non-JTA) DDL execution was not in auto-commit mode; the Connection 'local transaction' will be committed and the Connection will be set into auto-commit mode.
?[m?[37mI 18:42:17 11 HibernateObserver.makeSessionFactoryForSchema - Created session factory for schema CashSchemaV1(name=net.corda.schemas.CashSchema, version=1)
?[m?[37mI 18:42:17 11 MockNetwork$MockNode.registerFlowInitiator - Registering flow net.corda.flows.ContractUpgradeFlow$Instigator
?[m?[31mW 18:42:17 11 MockNetwork$MockNode.start - Corda node is running in dev mode.
?[m?[37mI 18:42:17 11 MockNetwork$MockNode.start - Node starting up ...
?[m?[37mI 18:42:17 11 HikariDataSource.<init> - HikariPool-19 - Started.
?[m?[37mI 18:42:17 11 MockNetwork$MockNode.initialiseDatabasePersistence - Connected to h2 database.
?[m?[37mI 18:42:17 11 HikariDataSource.<init> - HikariPool-20 - Started.
?[m?[37mI 18:42:17 11 MockNetwork$MockNode.obtainKeyPair - Identity key not found, generating fresh key!
?[m?[37mI 18:42:17 11 HikariDataSource.<init> - HikariPool-21 - Started.
?[m?[37mI 18:42:17 11 MockNetwork$MockNode.obtainKeyPair - Identity key not found, generating fresh key!
?[m?[37mI 18:42:17 11 MockNetwork$MockNode.registerFlowInitiator - Registering flow net.corda.flows.NotaryFlow$Client
?[m?[37mI 18:42:17 11 MockNetwork$MockNode.registerFlowInitiator - Registering flow com.example.flow.ExampleFlow$Initiator
?[m?[37mI 18:42:17 11 MockNetwork$MockNode.registerFlowInitiator - Registering flow net.corda.flows.NotaryChangeFlow$Instigator
?[m?[37mI 18:42:17 11 MockNetwork$MockNode.registerFlowInitiator - Registering flow net.corda.flows.FetchTransactionsFlow
?[m?[37mI 18:42:17 11 MockNetwork$MockNode.registerFlowInitiator - Registering flow net.corda.flows.FetchAttachmentsFlow
?[m?[37mI 18:42:17 11 MockNetwork$MockNode.registerFlowInitiator - Registering flow net.corda.flows.BroadcastTransactionFlow
?[m?[37mI 18:42:17 11 HibernateObserver.makeSessionFactoryForSchema - Creating session factory for schema CashSchemaV1(name=net.corda.schemas.CashSchema, version=1)
?[m?[37mI 18:42:17 11 ConnectionProviderInitiator.initiateService - HHH000130: Instantiating explicit connection provider: net.corda.node.services.schema.HibernateObserver$NodeDatabaseConnectionProvider
?[m?[37mI 18:42:17 11 Dialect.<init> - HHH000400: Using dialect: org.hibernate.dialect.H2Dialect
?[m?[37mI 18:42:17 11 access.getIsolatedConnection - HHH10001501: Connection obtained from JdbcConnectionAccess [org.hibernate.engine.jdbc.env.internal.JdbcEnvironmentInitiator$ConnectionProviderJdbcConnectionAccess@d2d1ec0] for (non-JTA) DDL execution was not in auto-commit mode; the Connection 'local transaction' will be committed and the Connection will be set into auto-commit mode.
?[m?[37mI 18:42:17 11 HibernateObserver.makeSessionFactoryForSchema - Created session factory for schema CashSchemaV1(name=net.corda.schemas.CashSchema, version=1)
?[m?[37mI 18:42:17 11 MockNetwork$MockNode.registerFlowInitiator - Registering flow net.corda.flows.ContractUpgradeFlow$Instigator
?[m?[31mW 18:42:17 11 MockNetwork$MockNode.start - Corda node is running in dev mode.
?[m?[37mI 18:42:17 11 MockNetwork$MockNode.start - Node starting up ...
?[m?[37mI 18:42:17 11 HikariDataSource.<init> - HikariPool-22 - Started.
?[m?[37mI 18:42:17 11 MockNetwork$MockNode.initialiseDatabasePersistence - Connected to h2 database.
?[m?[37mI 18:42:17 11 HikariDataSource.<init> - HikariPool-23 - Started.
?[m?[37mI 18:42:17 11 HikariDataSource.<init> - HikariPool-24 - Started.
?[m?[37mI 18:42:17 11 MockNetwork$MockNode.obtainKeyPair - Identity key not found, generating fresh key!
?[m?[37mI 18:42:17 11 MockNetwork$MockNode.registerFlowInitiator - Registering flow com.example.flow.ExampleFlow$Initiator
?[m?[37mI 18:42:17 11 MockNetwork$MockNode.registerFlowInitiator - Registering flow net.corda.flows.NotaryChangeFlow$Instigator
?[m?[37mI 18:42:17 11 MockNetwork$MockNode.registerFlowInitiator - Registering flow net.corda.flows.FetchTransactionsFlow
?[m?[37mI 18:42:17 11 MockNetwork$MockNode.registerFlowInitiator - Registering flow net.corda.flows.FetchAttachmentsFlow
?[m?[37mI 18:42:17 11 MockNetwork$MockNode.registerFlowInitiator - Registering flow net.corda.flows.BroadcastTransactionFlow
?[m?[37mI 18:42:17 11 HibernateObserver.makeSessionFactoryForSchema - Creating session factory for schema CashSchemaV1(name=net.corda.schemas.CashSchema, version=1)
?[m?[37mI 18:42:17 11 ConnectionProviderInitiator.initiateService - HHH000130: Instantiating explicit connection provider: net.corda.node.services.schema.HibernateObserver$NodeDatabaseConnectionProvider
?[m?[37mI 18:42:17 11 Dialect.<init> - HHH000400: Using dialect: org.hibernate.dialect.H2Dialect
?[m?[37mI 18:42:17 11 access.getIsolatedConnection - HHH10001501: Connection obtained from JdbcConnectionAccess [org.hibernate.engine.jdbc.env.internal.JdbcEnvironmentInitiator$ConnectionProviderJdbcConnectionAccess@4c8e86d1] for (non-JTA) DDL execution was not in auto-commit mode; the Connection 'local transaction' will be committed and the Connection will be set into auto-commit mode.
?[m?[37mI 18:42:17 11 HibernateObserver.makeSessionFactoryForSchema - Created session factory for schema CashSchemaV1(name=net.corda.schemas.CashSchema, version=1)
?[m?[37mI 18:42:17 11 MockNetwork$MockNode.registerFlowInitiator - Registering flow net.corda.flows.ContractUpgradeFlow$Instigator
?[m?[31mW 18:42:17 11 MockNetwork$MockNode.start - Corda node is running in dev mode.
?[m?[37mI 18:42:17 11 MockNetwork$MockNode.start - Node starting up ...
?[m?[37mI 18:42:17 11 HikariDataSource.<init> - HikariPool-25 - Started.
?[m?[37mI 18:42:18 11 MockNetwork$MockNode.initialiseDatabasePersistence - Connected to h2 database.
?[m?[37mI 18:42:18 11 HikariDataSource.<init> - HikariPool-26 - Started.
?[m?[37mI 18:42:18 11 HikariDataSource.<init> - HikariPool-27 - Started.
?[m?[37mI 18:42:18 11 MockNetwork$MockNode.obtainKeyPair - Identity key not found, generating fresh key!
?[m?[37mI 18:42:18 11 MockNetwork$MockNode.registerFlowInitiator - Registering flow com.example.flow.ExampleFlow$Initiator
?[m?[37mI 18:42:18 11 MockNetwork$MockNode.registerFlowInitiator - Registering flow net.corda.flows.NotaryChangeFlow$Instigator
?[m?[37mI 18:42:18 11 MockNetwork$MockNode.registerFlowInitiator - Registering flow net.corda.flows.FetchTransactionsFlow
?[m?[37mI 18:42:18 11 MockNetwork$MockNode.registerFlowInitiator - Registering flow net.corda.flows.FetchAttachmentsFlow
?[m?[37mI 18:42:18 11 MockNetwork$MockNode.registerFlowInitiator - Registering flow net.corda.flows.BroadcastTransactionFlow
?[m?[37mI 18:42:18 11 HibernateObserver.makeSessionFactoryForSchema - Creating session factory for schema CashSchemaV1(name=net.corda.schemas.CashSchema, version=1)
?[m?[37mI 18:42:18 11 ConnectionProviderInitiator.initiateService - HHH000130: Instantiating explicit connection provider: net.corda.node.services.schema.HibernateObserver$NodeDatabaseConnectionProvider
?[m?[37mI 18:42:18 11 Dialect.<init> - HHH000400: Using dialect: org.hibernate.dialect.H2Dialect
?[m?[37mI 18:42:18 11 access.getIsolatedConnection - HHH10001501: Connection obtained from JdbcConnectionAccess [org.hibernate.engine.jdbc.env.internal.JdbcEnvironmentInitiator$ConnectionProviderJdbcConnectionAccess@7e11f819] for (non-JTA) DDL execution was not in auto-commit mode; the Connection 'local transaction' will be committed and the Connection will be set into auto-commit mode.
?[m?[37mI 18:42:18 11 HibernateObserver.makeSessionFactoryForSchema - Created session factory for schema CashSchemaV1(name=net.corda.schemas.CashSchema, version=1)
?[m?[37mI 18:42:18 11 MockNetwork$MockNode.registerFlowInitiator - Registering flow net.corda.flows.ContractUpgradeFlow$Instigator
?[m?[31mW 18:42:18 11 MockNetwork$MockNode.start - Corda node is running in dev mode.
?[m?[37mI 18:42:18 11 MockNetwork$MockNode.start - Node starting up ...
?[m?[37mI 18:42:18 11 HikariDataSource.<init> - HikariPool-28 - Started.
?[m?[37mI 18:42:18 11 MockNetwork$MockNode.initialiseDatabasePersistence - Connected to h2 database.
?[m?[37mI 18:42:18 11 HikariDataSource.<init> - HikariPool-29 - Started.
?[m?[37mI 18:42:18 11 HikariDataSource.<init> - HikariPool-30 - Started.
?[m?[37mI 18:42:18 11 MockNetwork$MockNode.obtainKeyPair - Identity key not found, generating fresh key!
?[m?[37mI 18:42:18 11 MockNetwork$MockNode.registerFlowInitiator - Registering flow com.example.flow.ExampleFlow$Initiator
?[m?[37mI 18:42:18 11 MockNetwork$MockNode.registerFlowInitiator - Registering flow net.corda.flows.NotaryChangeFlow$Instigator
?[m?[37mI 18:42:18 11 MockNetwork$MockNode.registerFlowInitiator - Registering flow net.corda.flows.FetchTransactionsFlow
?[m?[37mI 18:42:18 11 MockNetwork$MockNode.registerFlowInitiator - Registering flow net.corda.flows.FetchAttachmentsFlow
?[m?[37mI 18:42:18 11 MockNetwork$MockNode.registerFlowInitiator - Registering flow net.corda.flows.BroadcastTransactionFlow
?[m?[37mI 18:42:18 11 HibernateObserver.makeSessionFactoryForSchema - Creating session factory for schema CashSchemaV1(name=net.corda.schemas.CashSchema, version=1)
?[m?[37mI 18:42:18 11 ConnectionProviderInitiator.initiateService - HHH000130: Instantiating explicit connection provider: net.corda.node.services.schema.HibernateObserver$NodeDatabaseConnectionProvider
?[m?[37mI 18:42:18 11 Dialect.<init> - HHH000400: Using dialect: org.hibernate.dialect.H2Dialect
?[m?[37mI 18:42:18 11 access.getIsolatedConnection - HHH10001501: Connection obtained from JdbcConnectionAccess [org.hibernate.engine.jdbc.env.internal.JdbcEnvironmentInitiator$ConnectionProviderJdbcConnectionAccess@25b1f14] for (non-JTA) DDL execution was not in auto-commit mode; the Connection 'local transaction' will be committed and the Connection will be set into auto-commit mode.
?[m?[37mI 18:42:18 11 HibernateObserver.makeSessionFactoryForSchema - Created session factory for schema CashSchemaV1(name=net.corda.schemas.CashSchema, version=1)
?[m?[37mI 18:42:18 11 MockNetwork$MockNode.registerFlowInitiator - Registering flow net.corda.flows.ContractUpgradeFlow$Instigator
?[m?[37mI 18:42:18 96 AbstractNetworkMapService.processRegistrationRequest - Added node Mock Company 0 to network map
?[m?[37mI 18:42:18 96 AbstractNetworkMapService.processRegistrationRequest - Added node Mock Company 1 to network map
?[m?[37mI 18:42:18 96 AbstractNetworkMapService.processRegistrationRequest - Added node Mock Company 2 to network map
?[m?[37mI 18:42:18 96 AbstractNetworkMapService.processRegistrationRequest - Added node Mock Company 3 to network map
?[m?[37mI 18:42:18 96 AbstractNetworkMapService.processRegistrationRequest - Added node Mock Company 4 to network map
?[mExampleFlow call 
ExampleFlow notary.getName() ou=corda.notary.simple,Mock Company 1
State getParticipants Mock Company 2
ExampleFlow txCommand com.example.contract.IOUContract$Commands$Create@25f999b0
IOUContract verify com.example.state.IOUState@3a53fac0
State getParticipants Mock Company 2
?[1;31mE 18:42:18 96 [40aa972a-b2e4-473b-a13d-4db101f246b8].run - Flow finished with exception
?[m net.corda.core.contracts.TransactionVerificationException$ContractRejection: java.lang.IllegalArgumentException: Failed requirement: The IOU's value must be non-negative.
	at net.corda.core.contracts.TransactionType$General.verifyContracts(TransactionTypes.kt:129) ~[core-0.11.0.jar:?]
	at net.corda.core.contracts.TransactionType$General.verifyTransaction(TransactionTypes.kt:70) ~[core-0.11.0.jar:?]
	at net.corda.core.contracts.TransactionType.verify(TransactionTypes.kt:26) ~[core-0.11.0.jar:?]
	at net.corda.core.transactions.LedgerTransaction.verify(LedgerTransaction.kt:60) ~[core-0.11.0.jar:?]
	at com.example.flow.ExampleFlow$Initiator.call(ExampleFlow.java:94) ~[main/:?]
	at com.example.flow.ExampleFlow$Initiator.call(ExampleFlow.java:36) ~[main/:?]
	at net.corda.node.services.statemachine.FlowStateMachineImpl.run(FlowStateMachineImpl.kt:127) [node-0.11.0.jar:?]
	at net.corda.node.services.statemachine.FlowStateMachineImpl.run(FlowStateMachineImpl.kt:41) [node-0.11.0.jar:?]
	at co.paralleluniverse.fibers.Fiber.run1(Fiber.java:1067) [quasar-core-0.7.6-jdk8.jar:0.7.6]
	at co.paralleluniverse.fibers.Fiber.exec(Fiber.java:767) [quasar-core-0.7.6-jdk8.jar:0.7.6]
	at co.paralleluniverse.fibers.RunnableFiberTask.doExec(RunnableFiberTask.java:100) [quasar-core-0.7.6-jdk8.jar:0.7.6]
	at co.paralleluniverse.fibers.RunnableFiberTask.run(RunnableFiberTask.java:91) [quasar-core-0.7.6-jdk8.jar:0.7.6]
	at java.util.concurrent.Executors$RunnableAdapter.call(Executors.java:511) [?:1.8.0_121]
	at java.util.concurrent.FutureTask.run(FutureTask.java:266) [?:1.8.0_121]
	at java.util.concurrent.ScheduledThreadPoolExecutor$ScheduledFutureTask.access$201(ScheduledThreadPoolExecutor.java:180) [?:1.8.0_121]
	at java.util.concurrent.ScheduledThreadPoolExecutor$ScheduledFutureTask.run(ScheduledThreadPoolExecutor.java:293) [?:1.8.0_121]
	at java.util.concurrent.ThreadPoolExecutor.runWorker(ThreadPoolExecutor.java:1142) [?:1.8.0_121]
	at java.util.concurrent.ThreadPoolExecutor$Worker.run(ThreadPoolExecutor.java:617) [?:1.8.0_121]
	at net.corda.node.utilities.AffinityExecutor$ServiceAffinityExecutor$1$thread$1.run(AffinityExecutor.kt:69) [node-0.11.0.jar:?]
Caused by: java.lang.IllegalArgumentException: Failed requirement: The IOU's value must be non-negative.
	at net.corda.core.contracts.Requirements.using(ContractsDSL.kt:61) ~[core-0.11.0.jar:?]
	at com.example.contract.IOUContract.lambda$verify$0(IOUContract.java:47) ~[main/:?]
	at net.corda.core.contracts.ContractsDSL.requireThat(ContractsDSL.kt:72) ~[core-0.11.0.jar:?]
	at com.example.contract.IOUContract.verify(IOUContract.java:34) ~[main/:?]
	at net.corda.core.contracts.TransactionType$General.verifyContracts(TransactionTypes.kt:127) ~[core-0.11.0.jar:?]
	... 18 more
?[37mI 18:42:18 11 HikariPool.shutdown - HikariPool-16 - Close initiated...
?[m?[37mI 18:42:18 11 HikariPool.shutdown - HikariPool-16 - Closed.
?[m?[37mI 18:42:18 11 HikariPool.shutdown - HikariPool-19 - Close initiated...
?[m?[37mI 18:42:18 11 HikariPool.shutdown - HikariPool-19 - Closed.
?[m?[37mI 18:42:18 11 HikariPool.shutdown - HikariPool-22 - Close initiated...
?[m?[37mI 18:42:18 11 HikariPool.shutdown - HikariPool-22 - Closed.
?[m?[37mI 18:42:18 11 HikariPool.shutdown - HikariPool-25 - Close initiated...
?[m?[37mI 18:42:18 11 HikariPool.shutdown - HikariPool-25 - Closed.
?[m?[37mI 18:42:18 11 HikariPool.shutdown - HikariPool-28 - Close initiated...
?[m?[37mI 18:42:18 11 HikariPool.shutdown - HikariPool-28 - Closed.
?[m?[31mW 18:42:18 11 MockNetwork$MockNode.start - Corda node is running in dev mode.
?[m?[37mI 18:42:18 11 MockNetwork$MockNode.start - Node starting up ...
?[m?[37mI 18:42:18 11 HikariDataSource.<init> - HikariPool-31 - Started.
?[m?[37mI 18:42:18 11 MockNetwork$MockNode.initialiseDatabasePersistence - Connected to h2 database.
?[m?[37mI 18:42:18 11 HikariDataSource.<init> - HikariPool-32 - Started.
?[m?[37mI 18:42:18 11 MockNetwork$MockNode.obtainKeyPair - Identity key not found, generating fresh key!
?[m?[37mI 18:42:18 11 HikariDataSource.<init> - HikariPool-33 - Started.
?[m?[37mI 18:42:18 11 MockNetwork$MockNode.obtainKeyPair - Identity key not found, generating fresh key!
?[m?[37mI 18:42:18 11 MockNetwork$MockNode.registerFlowInitiator - Registering flow com.example.flow.ExampleFlow$Initiator
?[m?[37mI 18:42:18 11 MockNetwork$MockNode.registerFlowInitiator - Registering flow net.corda.flows.NotaryChangeFlow$Instigator
?[m?[37mI 18:42:18 11 MockNetwork$MockNode.registerFlowInitiator - Registering flow net.corda.flows.FetchTransactionsFlow
?[m?[37mI 18:42:18 11 MockNetwork$MockNode.registerFlowInitiator - Registering flow net.corda.flows.FetchAttachmentsFlow
?[m?[37mI 18:42:18 11 MockNetwork$MockNode.registerFlowInitiator - Registering flow net.corda.flows.BroadcastTransactionFlow
?[m?[37mI 18:42:18 11 HibernateObserver.makeSessionFactoryForSchema - Creating session factory for schema CashSchemaV1(name=net.corda.schemas.CashSchema, version=1)
?[m?[37mI 18:42:18 11 ConnectionProviderInitiator.initiateService - HHH000130: Instantiating explicit connection provider: net.corda.node.services.schema.HibernateObserver$NodeDatabaseConnectionProvider
?[m?[37mI 18:42:18 11 Dialect.<init> - HHH000400: Using dialect: org.hibernate.dialect.H2Dialect
?[m?[37mI 18:42:18 11 access.getIsolatedConnection - HHH10001501: Connection obtained from JdbcConnectionAccess [org.hibernate.engine.jdbc.env.internal.JdbcEnvironmentInitiator$ConnectionProviderJdbcConnectionAccess@6667dd79] for (non-JTA) DDL execution was not in auto-commit mode; the Connection 'local transaction' will be committed and the Connection will be set into auto-commit mode.
?[m?[37mI 18:42:18 11 HibernateObserver.makeSessionFactoryForSchema - Created session factory for schema CashSchemaV1(name=net.corda.schemas.CashSchema, version=1)
?[m?[37mI 18:42:18 11 MockNetwork$MockNode.registerFlowInitiator - Registering flow net.corda.flows.ContractUpgradeFlow$Instigator
?[m?[31mW 18:42:18 11 MockNetwork$MockNode.start - Corda node is running in dev mode.
?[m?[37mI 18:42:18 11 MockNetwork$MockNode.start - Node starting up ...
?[m?[37mI 18:42:18 11 HikariDataSource.<init> - HikariPool-34 - Started.
?[m?[37mI 18:42:18 11 MockNetwork$MockNode.initialiseDatabasePersistence - Connected to h2 database.
?[m?[37mI 18:42:18 11 HikariDataSource.<init> - HikariPool-35 - Started.
?[m?[37mI 18:42:18 11 MockNetwork$MockNode.obtainKeyPair - Identity key not found, generating fresh key!
?[m?[37mI 18:42:18 11 HikariDataSource.<init> - HikariPool-36 - Started.
?[m?[37mI 18:42:18 11 MockNetwork$MockNode.obtainKeyPair - Identity key not found, generating fresh key!
?[m?[37mI 18:42:18 11 MockNetwork$MockNode.registerFlowInitiator - Registering flow net.corda.flows.NotaryFlow$Client
?[m?[37mI 18:42:18 11 MockNetwork$MockNode.registerFlowInitiator - Registering flow com.example.flow.ExampleFlow$Initiator
?[m?[37mI 18:42:18 11 MockNetwork$MockNode.registerFlowInitiator - Registering flow net.corda.flows.NotaryChangeFlow$Instigator
?[m?[37mI 18:42:18 11 MockNetwork$MockNode.registerFlowInitiator - Registering flow net.corda.flows.FetchTransactionsFlow
?[m?[37mI 18:42:18 11 MockNetwork$MockNode.registerFlowInitiator - Registering flow net.corda.flows.FetchAttachmentsFlow
?[m?[37mI 18:42:18 11 MockNetwork$MockNode.registerFlowInitiator - Registering flow net.corda.flows.BroadcastTransactionFlow
?[m?[37mI 18:42:18 11 HibernateObserver.makeSessionFactoryForSchema - Creating session factory for schema CashSchemaV1(name=net.corda.schemas.CashSchema, version=1)
?[m?[37mI 18:42:18 11 ConnectionProviderInitiator.initiateService - HHH000130: Instantiating explicit connection provider: net.corda.node.services.schema.HibernateObserver$NodeDatabaseConnectionProvider
?[m?[37mI 18:42:18 11 Dialect.<init> - HHH000400: Using dialect: org.hibernate.dialect.H2Dialect
?[m?[37mI 18:42:18 11 access.getIsolatedConnection - HHH10001501: Connection obtained from JdbcConnectionAccess [org.hibernate.engine.jdbc.env.internal.JdbcEnvironmentInitiator$ConnectionProviderJdbcConnectionAccess@65471236] for (non-JTA) DDL execution was not in auto-commit mode; the Connection 'local transaction' will be committed and the Connection will be set into auto-commit mode.
?[m?[37mI 18:42:18 11 HibernateObserver.makeSessionFactoryForSchema - Created session factory for schema CashSchemaV1(name=net.corda.schemas.CashSchema, version=1)
?[m?[37mI 18:42:18 11 MockNetwork$MockNode.registerFlowInitiator - Registering flow net.corda.flows.ContractUpgradeFlow$Instigator
?[m?[31mW 18:42:18 11 MockNetwork$MockNode.start - Corda node is running in dev mode.
?[m?[37mI 18:42:18 11 MockNetwork$MockNode.start - Node starting up ...
?[m?[37mI 18:42:18 11 HikariDataSource.<init> - HikariPool-37 - Started.
?[m?[37mI 18:42:18 11 MockNetwork$MockNode.initialiseDatabasePersistence - Connected to h2 database.
?[m?[37mI 18:42:18 11 HikariDataSource.<init> - HikariPool-38 - Started.
?[m?[37mI 18:42:18 11 HikariDataSource.<init> - HikariPool-39 - Started.
?[m?[37mI 18:42:18 11 MockNetwork$MockNode.obtainKeyPair - Identity key not found, generating fresh key!
?[m?[37mI 18:42:18 11 MockNetwork$MockNode.registerFlowInitiator - Registering flow com.example.flow.ExampleFlow$Initiator
?[m?[37mI 18:42:18 11 MockNetwork$MockNode.registerFlowInitiator - Registering flow net.corda.flows.NotaryChangeFlow$Instigator
?[m?[37mI 18:42:18 11 MockNetwork$MockNode.registerFlowInitiator - Registering flow net.corda.flows.FetchTransactionsFlow
?[m?[37mI 18:42:18 11 MockNetwork$MockNode.registerFlowInitiator - Registering flow net.corda.flows.FetchAttachmentsFlow
?[m?[37mI 18:42:18 11 MockNetwork$MockNode.registerFlowInitiator - Registering flow net.corda.flows.BroadcastTransactionFlow
?[m?[37mI 18:42:19 11 HibernateObserver.makeSessionFactoryForSchema - Creating session factory for schema CashSchemaV1(name=net.corda.schemas.CashSchema, version=1)
?[m?[37mI 18:42:19 11 ConnectionProviderInitiator.initiateService - HHH000130: Instantiating explicit connection provider: net.corda.node.services.schema.HibernateObserver$NodeDatabaseConnectionProvider
?[m?[37mI 18:42:19 11 Dialect.<init> - HHH000400: Using dialect: org.hibernate.dialect.H2Dialect
?[m?[37mI 18:42:19 11 access.getIsolatedConnection - HHH10001501: Connection obtained from JdbcConnectionAccess [org.hibernate.engine.jdbc.env.internal.JdbcEnvironmentInitiator$ConnectionProviderJdbcConnectionAccess@2caa8628] for (non-JTA) DDL execution was not in auto-commit mode; the Connection 'local transaction' will be committed and the Connection will be set into auto-commit mode.
?[m?[37mI 18:42:19 11 HibernateObserver.makeSessionFactoryForSchema - Created session factory for schema CashSchemaV1(name=net.corda.schemas.CashSchema, version=1)
?[m?[37mI 18:42:19 11 MockNetwork$MockNode.registerFlowInitiator - Registering flow net.corda.flows.ContractUpgradeFlow$Instigator
?[m?[31mW 18:42:19 11 MockNetwork$MockNode.start - Corda node is running in dev mode.
?[m?[37mI 18:42:19 11 MockNetwork$MockNode.start - Node starting up ...
?[m?[37mI 18:42:19 11 HikariDataSource.<init> - HikariPool-40 - Started.
?[m?[37mI 18:42:19 11 MockNetwork$MockNode.initialiseDatabasePersistence - Connected to h2 database.
?[m?[37mI 18:42:19 11 HikariDataSource.<init> - HikariPool-41 - Started.
?[m?[37mI 18:42:19 11 HikariDataSource.<init> - HikariPool-42 - Started.
?[m?[37mI 18:42:19 11 MockNetwork$MockNode.obtainKeyPair - Identity key not found, generating fresh key!
?[m?[37mI 18:42:19 11 MockNetwork$MockNode.registerFlowInitiator - Registering flow com.example.flow.ExampleFlow$Initiator
?[m?[37mI 18:42:19 11 MockNetwork$MockNode.registerFlowInitiator - Registering flow net.corda.flows.NotaryChangeFlow$Instigator
?[m?[37mI 18:42:19 11 MockNetwork$MockNode.registerFlowInitiator - Registering flow net.corda.flows.FetchTransactionsFlow
?[m?[37mI 18:42:19 11 MockNetwork$MockNode.registerFlowInitiator - Registering flow net.corda.flows.FetchAttachmentsFlow
?[m?[37mI 18:42:19 11 MockNetwork$MockNode.registerFlowInitiator - Registering flow net.corda.flows.BroadcastTransactionFlow
?[m?[37mI 18:42:19 11 HibernateObserver.makeSessionFactoryForSchema - Creating session factory for schema CashSchemaV1(name=net.corda.schemas.CashSchema, version=1)
?[m?[37mI 18:42:19 11 ConnectionProviderInitiator.initiateService - HHH000130: Instantiating explicit connection provider: net.corda.node.services.schema.HibernateObserver$NodeDatabaseConnectionProvider
?[m?[37mI 18:42:19 11 Dialect.<init> - HHH000400: Using dialect: org.hibernate.dialect.H2Dialect
?[m?[37mI 18:42:19 11 access.getIsolatedConnection - HHH10001501: Connection obtained from JdbcConnectionAccess [org.hibernate.engine.jdbc.env.internal.JdbcEnvironmentInitiator$ConnectionProviderJdbcConnectionAccess@609ad6b0] for (non-JTA) DDL execution was not in auto-commit mode; the Connection 'local transaction' will be committed and the Connection will be set into auto-commit mode.
?[m?[37mI 18:42:19 11 HibernateObserver.makeSessionFactoryForSchema - Created session factory for schema CashSchemaV1(name=net.corda.schemas.CashSchema, version=1)
?[m?[37mI 18:42:19 11 MockNetwork$MockNode.registerFlowInitiator - Registering flow net.corda.flows.ContractUpgradeFlow$Instigator
?[m?[31mW 18:42:19 11 MockNetwork$MockNode.start - Corda node is running in dev mode.
?[m?[37mI 18:42:19 11 MockNetwork$MockNode.start - Node starting up ...
?[m?[37mI 18:42:19 11 HikariDataSource.<init> - HikariPool-43 - Started.
?[m?[37mI 18:42:19 11 MockNetwork$MockNode.initialiseDatabasePersistence - Connected to h2 database.
?[m?[37mI 18:42:19 11 HikariDataSource.<init> - HikariPool-44 - Started.
?[m?[37mI 18:42:19 11 HikariDataSource.<init> - HikariPool-45 - Started.
?[m?[37mI 18:42:19 11 MockNetwork$MockNode.obtainKeyPair - Identity key not found, generating fresh key!
?[m?[37mI 18:42:19 11 MockNetwork$MockNode.registerFlowInitiator - Registering flow com.example.flow.ExampleFlow$Initiator
?[m?[37mI 18:42:19 11 MockNetwork$MockNode.registerFlowInitiator - Registering flow net.corda.flows.NotaryChangeFlow$Instigator
?[m?[37mI 18:42:19 11 MockNetwork$MockNode.registerFlowInitiator - Registering flow net.corda.flows.FetchTransactionsFlow
?[m?[37mI 18:42:19 11 MockNetwork$MockNode.registerFlowInitiator - Registering flow net.corda.flows.FetchAttachmentsFlow
?[m?[37mI 18:42:19 11 MockNetwork$MockNode.registerFlowInitiator - Registering flow net.corda.flows.BroadcastTransactionFlow
?[m?[37mI 18:42:19 11 HibernateObserver.makeSessionFactoryForSchema - Creating session factory for schema CashSchemaV1(name=net.corda.schemas.CashSchema, version=1)
?[m?[37mI 18:42:19 11 ConnectionProviderInitiator.initiateService - HHH000130: Instantiating explicit connection provider: net.corda.node.services.schema.HibernateObserver$NodeDatabaseConnectionProvider
?[m?[37mI 18:42:19 11 Dialect.<init> - HHH000400: Using dialect: org.hibernate.dialect.H2Dialect
?[m?[37mI 18:42:19 11 access.getIsolatedConnection - HHH10001501: Connection obtained from JdbcConnectionAccess [org.hibernate.engine.jdbc.env.internal.JdbcEnvironmentInitiator$ConnectionProviderJdbcConnectionAccess@d62ce7] for (non-JTA) DDL execution was not in auto-commit mode; the Connection 'local transaction' will be committed and the Connection will be set into auto-commit mode.
?[m?[37mI 18:42:19 11 HibernateObserver.makeSessionFactoryForSchema - Created session factory for schema CashSchemaV1(name=net.corda.schemas.CashSchema, version=1)
?[m?[37mI 18:42:19 11 MockNetwork$MockNode.registerFlowInitiator - Registering flow net.corda.flows.ContractUpgradeFlow$Instigator
?[m?[37mI 18:42:19 138 AbstractNetworkMapService.processRegistrationRequest - Added node Mock Company 0 to network map
?[m?[37mI 18:42:19 138 AbstractNetworkMapService.processRegistrationRequest - Added node Mock Company 1 to network map
?[m?[37mI 18:42:19 138 AbstractNetworkMapService.processRegistrationRequest - Added node Mock Company 2 to network map
?[m?[37mI 18:42:19 138 AbstractNetworkMapService.processRegistrationRequest - Added node Mock Company 3 to network map
?[m?[37mI 18:42:19 138 AbstractNetworkMapService.processRegistrationRequest - Added node Mock Company 4 to network map
?[mExampleFlow call 
ExampleFlow notary.getName() ou=corda.notary.simple,Mock Company 1
State getParticipants Mock Company 2
ExampleFlow txCommand com.example.contract.IOUContract$Commands$Create@c107c2c
IOUContract verify com.example.state.IOUState@2dca4cfc
State getParticipants Mock Company 2
ExampleFlow txCommand []
FlowLogic Just before sending SignedTransaction(id=14D3B5E240A76527752B9235BA0D4255882E3B825A524D005468E453DC34D3CA)
Acceptor Call 
IOUContract verify com.example.state.IOUState@1fe38010
State getParticipants Mock Company 2
IOUContract verify com.example.state.IOUState@1f85f096
State getParticipants Mock Company 2
State getParticipants Mock Company 2
State isRelevant Mock Company 2
IOUContract verify com.example.state.IOUState@567c91c8
State getParticipants Mock Company 2
State isRelevant Mock Company 2
?[37mI 18:42:19 11 HikariPool.shutdown - HikariPool-31 - Close initiated...
?[m?[37mI 18:42:19 11 HikariPool.shutdown - HikariPool-31 - Closed.
?[m?[37mI 18:42:19 11 HikariPool.shutdown - HikariPool-34 - Close initiated...
?[m?[37mI 18:42:19 11 HikariPool.shutdown - HikariPool-34 - Closed.
?[m?[37mI 18:42:19 11 HikariPool.shutdown - HikariPool-37 - Close initiated...
?[m?[37mI 18:42:19 11 HikariPool.shutdown - HikariPool-37 - Closed.
?[m?[37mI 18:42:19 11 HikariPool.shutdown - HikariPool-40 - Close initiated...
?[m?[37mI 18:42:19 11 HikariPool.shutdown - HikariPool-40 - Closed.
?[m?[37mI 18:42:19 11 HikariPool.shutdown - HikariPool-43 - Close initiated...
?[m?[37mI 18:42:19 11 HikariPool.shutdown - HikariPool-43 - Closed.
?[m?[31mW 18:42:19 11 MockNetwork$MockNode.start - Corda node is running in dev mode.
?[m?[37mI 18:42:19 11 MockNetwork$MockNode.start - Node starting up ...
?[m?[37mI 18:42:19 11 HikariDataSource.<init> - HikariPool-46 - Started.
?[m?[37mI 18:42:19 11 MockNetwork$MockNode.initialiseDatabasePersistence - Connected to h2 database.
?[m?[37mI 18:42:19 11 HikariDataSource.<init> - HikariPool-47 - Started.
?[m?[37mI 18:42:20 11 MockNetwork$MockNode.obtainKeyPair - Identity key not found, generating fresh key!
?[m?[37mI 18:42:20 11 HikariDataSource.<init> - HikariPool-48 - Started.
?[m?[37mI 18:42:20 11 MockNetwork$MockNode.obtainKeyPair - Identity key not found, generating fresh key!
?[m?[37mI 18:42:20 11 MockNetwork$MockNode.registerFlowInitiator - Registering flow com.example.flow.ExampleFlow$Initiator
?[m?[37mI 18:42:20 11 MockNetwork$MockNode.registerFlowInitiator - Registering flow net.corda.flows.NotaryChangeFlow$Instigator
?[m?[37mI 18:42:20 11 MockNetwork$MockNode.registerFlowInitiator - Registering flow net.corda.flows.FetchTransactionsFlow
?[m?[37mI 18:42:20 11 MockNetwork$MockNode.registerFlowInitiator - Registering flow net.corda.flows.FetchAttachmentsFlow
?[m?[37mI 18:42:20 11 MockNetwork$MockNode.registerFlowInitiator - Registering flow net.corda.flows.BroadcastTransactionFlow
?[m?[37mI 18:42:20 11 HibernateObserver.makeSessionFactoryForSchema - Creating session factory for schema CashSchemaV1(name=net.corda.schemas.CashSchema, version=1)
?[m?[37mI 18:42:20 11 ConnectionProviderInitiator.initiateService - HHH000130: Instantiating explicit connection provider: net.corda.node.services.schema.HibernateObserver$NodeDatabaseConnectionProvider
?[m?[37mI 18:42:20 11 Dialect.<init> - HHH000400: Using dialect: org.hibernate.dialect.H2Dialect
?[m?[37mI 18:42:20 11 access.getIsolatedConnection - HHH10001501: Connection obtained from JdbcConnectionAccess [org.hibernate.engine.jdbc.env.internal.JdbcEnvironmentInitiator$ConnectionProviderJdbcConnectionAccess@43f8889a] for (non-JTA) DDL execution was not in auto-commit mode; the Connection 'local transaction' will be committed and the Connection will be set into auto-commit mode.
?[m?[37mI 18:42:20 11 HibernateObserver.makeSessionFactoryForSchema - Created session factory for schema CashSchemaV1(name=net.corda.schemas.CashSchema, version=1)
?[m?[37mI 18:42:20 11 MockNetwork$MockNode.registerFlowInitiator - Registering flow net.corda.flows.ContractUpgradeFlow$Instigator
?[m?[31mW 18:42:20 11 MockNetwork$MockNode.start - Corda node is running in dev mode.
?[m?[37mI 18:42:20 11 MockNetwork$MockNode.start - Node starting up ...
?[m?[37mI 18:42:20 11 HikariDataSource.<init> - HikariPool-49 - Started.
?[m?[37mI 18:42:20 11 MockNetwork$MockNode.initialiseDatabasePersistence - Connected to h2 database.
?[m?[37mI 18:42:20 11 HikariDataSource.<init> - HikariPool-50 - Started.
?[m?[37mI 18:42:20 11 MockNetwork$MockNode.obtainKeyPair - Identity key not found, generating fresh key!
?[m?[37mI 18:42:20 11 HikariDataSource.<init> - HikariPool-51 - Started.
?[m?[37mI 18:42:20 11 MockNetwork$MockNode.obtainKeyPair - Identity key not found, generating fresh key!
?[m?[37mI 18:42:20 11 MockNetwork$MockNode.registerFlowInitiator - Registering flow net.corda.flows.NotaryFlow$Client
?[m?[37mI 18:42:20 11 MockNetwork$MockNode.registerFlowInitiator - Registering flow com.example.flow.ExampleFlow$Initiator
?[m?[37mI 18:42:20 11 MockNetwork$MockNode.registerFlowInitiator - Registering flow net.corda.flows.NotaryChangeFlow$Instigator
?[m?[37mI 18:42:20 11 MockNetwork$MockNode.registerFlowInitiator - Registering flow net.corda.flows.FetchTransactionsFlow
?[m?[37mI 18:42:20 11 MockNetwork$MockNode.registerFlowInitiator - Registering flow net.corda.flows.FetchAttachmentsFlow
?[m?[37mI 18:42:20 11 MockNetwork$MockNode.registerFlowInitiator - Registering flow net.corda.flows.BroadcastTransactionFlow
?[m?[37mI 18:42:20 11 HibernateObserver.makeSessionFactoryForSchema - Creating session factory for schema CashSchemaV1(name=net.corda.schemas.CashSchema, version=1)
?[m?[37mI 18:42:20 11 ConnectionProviderInitiator.initiateService - HHH000130: Instantiating explicit connection provider: net.corda.node.services.schema.HibernateObserver$NodeDatabaseConnectionProvider
?[m?[37mI 18:42:20 11 Dialect.<init> - HHH000400: Using dialect: org.hibernate.dialect.H2Dialect
?[m?[37mI 18:42:20 11 access.getIsolatedConnection - HHH10001501: Connection obtained from JdbcConnectionAccess [org.hibernate.engine.jdbc.env.internal.JdbcEnvironmentInitiator$ConnectionProviderJdbcConnectionAccess@74b743e3] for (non-JTA) DDL execution was not in auto-commit mode; the Connection 'local transaction' will be committed and the Connection will be set into auto-commit mode.
?[m?[37mI 18:42:20 11 HibernateObserver.makeSessionFactoryForSchema - Created session factory for schema CashSchemaV1(name=net.corda.schemas.CashSchema, version=1)
?[m?[37mI 18:42:20 11 MockNetwork$MockNode.registerFlowInitiator - Registering flow net.corda.flows.ContractUpgradeFlow$Instigator
?[m?[31mW 18:42:20 11 MockNetwork$MockNode.start - Corda node is running in dev mode.
?[m?[37mI 18:42:20 11 MockNetwork$MockNode.start - Node starting up ...
?[m?[37mI 18:42:20 11 HikariDataSource.<init> - HikariPool-52 - Started.
?[m?[37mI 18:42:20 11 MockNetwork$MockNode.initialiseDatabasePersistence - Connected to h2 database.
?[m?[37mI 18:42:20 11 HikariDataSource.<init> - HikariPool-53 - Started.
?[m?[37mI 18:42:20 11 HikariDataSource.<init> - HikariPool-54 - Started.
?[m?[37mI 18:42:20 11 MockNetwork$MockNode.obtainKeyPair - Identity key not found, generating fresh key!
?[m?[37mI 18:42:20 11 MockNetwork$MockNode.registerFlowInitiator - Registering flow com.example.flow.ExampleFlow$Initiator
?[m?[37mI 18:42:20 11 MockNetwork$MockNode.registerFlowInitiator - Registering flow net.corda.flows.NotaryChangeFlow$Instigator
?[m?[37mI 18:42:20 11 MockNetwork$MockNode.registerFlowInitiator - Registering flow net.corda.flows.FetchTransactionsFlow
?[m?[37mI 18:42:20 11 MockNetwork$MockNode.registerFlowInitiator - Registering flow net.corda.flows.FetchAttachmentsFlow
?[m?[37mI 18:42:20 11 MockNetwork$MockNode.registerFlowInitiator - Registering flow net.corda.flows.BroadcastTransactionFlow
?[m?[37mI 18:42:20 11 HibernateObserver.makeSessionFactoryForSchema - Creating session factory for schema CashSchemaV1(name=net.corda.schemas.CashSchema, version=1)
?[m?[37mI 18:42:20 11 ConnectionProviderInitiator.initiateService - HHH000130: Instantiating explicit connection provider: net.corda.node.services.schema.HibernateObserver$NodeDatabaseConnectionProvider
?[m?[37mI 18:42:20 11 Dialect.<init> - HHH000400: Using dialect: org.hibernate.dialect.H2Dialect
?[m?[37mI 18:42:20 11 access.getIsolatedConnection - HHH10001501: Connection obtained from JdbcConnectionAccess [org.hibernate.engine.jdbc.env.internal.JdbcEnvironmentInitiator$ConnectionProviderJdbcConnectionAccess@4e849c37] for (non-JTA) DDL execution was not in auto-commit mode; the Connection 'local transaction' will be committed and the Connection will be set into auto-commit mode.
?[m?[37mI 18:42:20 11 HibernateObserver.makeSessionFactoryForSchema - Created session factory for schema CashSchemaV1(name=net.corda.schemas.CashSchema, version=1)
?[m?[37mI 18:42:20 11 MockNetwork$MockNode.registerFlowInitiator - Registering flow net.corda.flows.ContractUpgradeFlow$Instigator
?[m?[31mW 18:42:20 11 MockNetwork$MockNode.start - Corda node is running in dev mode.
?[m?[37mI 18:42:20 11 MockNetwork$MockNode.start - Node starting up ...
?[m?[37mI 18:42:20 11 HikariDataSource.<init> - HikariPool-55 - Started.
?[m?[37mI 18:42:20 11 MockNetwork$MockNode.initialiseDatabasePersistence - Connected to h2 database.
?[m?[37mI 18:42:20 11 HikariDataSource.<init> - HikariPool-56 - Started.
?[m?[37mI 18:42:20 11 HikariDataSource.<init> - HikariPool-57 - Started.
?[m?[37mI 18:42:20 11 MockNetwork$MockNode.obtainKeyPair - Identity key not found, generating fresh key!
?[m?[37mI 18:42:20 11 MockNetwork$MockNode.registerFlowInitiator - Registering flow com.example.flow.ExampleFlow$Initiator
?[m?[37mI 18:42:20 11 MockNetwork$MockNode.registerFlowInitiator - Registering flow net.corda.flows.NotaryChangeFlow$Instigator
?[m?[37mI 18:42:20 11 MockNetwork$MockNode.registerFlowInitiator - Registering flow net.corda.flows.FetchTransactionsFlow
?[m?[37mI 18:42:20 11 MockNetwork$MockNode.registerFlowInitiator - Registering flow net.corda.flows.FetchAttachmentsFlow
?[m?[37mI 18:42:20 11 MockNetwork$MockNode.registerFlowInitiator - Registering flow net.corda.flows.BroadcastTransactionFlow
?[m?[37mI 18:42:20 11 HibernateObserver.makeSessionFactoryForSchema - Creating session factory for schema CashSchemaV1(name=net.corda.schemas.CashSchema, version=1)
?[m?[37mI 18:42:20 11 ConnectionProviderInitiator.initiateService - HHH000130: Instantiating explicit connection provider: net.corda.node.services.schema.HibernateObserver$NodeDatabaseConnectionProvider
?[m?[37mI 18:42:20 11 Dialect.<init> - HHH000400: Using dialect: org.hibernate.dialect.H2Dialect
?[m?[37mI 18:42:20 11 access.getIsolatedConnection - HHH10001501: Connection obtained from JdbcConnectionAccess [org.hibernate.engine.jdbc.env.internal.JdbcEnvironmentInitiator$ConnectionProviderJdbcConnectionAccess@78039759] for (non-JTA) DDL execution was not in auto-commit mode; the Connection 'local transaction' will be committed and the Connection will be set into auto-commit mode.
?[m?[37mI 18:42:20 11 HibernateObserver.makeSessionFactoryForSchema - Created session factory for schema CashSchemaV1(name=net.corda.schemas.CashSchema, version=1)
?[m?[37mI 18:42:20 11 MockNetwork$MockNode.registerFlowInitiator - Registering flow net.corda.flows.ContractUpgradeFlow$Instigator
?[m?[31mW 18:42:20 11 MockNetwork$MockNode.start - Corda node is running in dev mode.
?[m?[37mI 18:42:20 11 MockNetwork$MockNode.start - Node starting up ...
?[m?[37mI 18:42:20 11 HikariDataSource.<init> - HikariPool-58 - Started.
?[m?[37mI 18:42:20 11 MockNetwork$MockNode.initialiseDatabasePersistence - Connected to h2 database.
?[m?[37mI 18:42:20 11 HikariDataSource.<init> - HikariPool-59 - Started.
?[m?[37mI 18:42:20 11 HikariDataSource.<init> - HikariPool-60 - Started.
?[m?[37mI 18:42:20 11 MockNetwork$MockNode.obtainKeyPair - Identity key not found, generating fresh key!
?[m?[37mI 18:42:20 11 MockNetwork$MockNode.registerFlowInitiator - Registering flow com.example.flow.ExampleFlow$Initiator
?[m?[37mI 18:42:20 11 MockNetwork$MockNode.registerFlowInitiator - Registering flow net.corda.flows.NotaryChangeFlow$Instigator
?[m?[37mI 18:42:20 11 MockNetwork$MockNode.registerFlowInitiator - Registering flow net.corda.flows.FetchTransactionsFlow
?[m?[37mI 18:42:20 11 MockNetwork$MockNode.registerFlowInitiator - Registering flow net.corda.flows.FetchAttachmentsFlow
?[m?[37mI 18:42:20 11 MockNetwork$MockNode.registerFlowInitiator - Registering flow net.corda.flows.BroadcastTransactionFlow
?[m?[37mI 18:42:20 11 HibernateObserver.makeSessionFactoryForSchema - Creating session factory for schema CashSchemaV1(name=net.corda.schemas.CashSchema, version=1)
?[m?[37mI 18:42:20 11 ConnectionProviderInitiator.initiateService - HHH000130: Instantiating explicit connection provider: net.corda.node.services.schema.HibernateObserver$NodeDatabaseConnectionProvider
?[m?[37mI 18:42:20 11 Dialect.<init> - HHH000400: Using dialect: org.hibernate.dialect.H2Dialect
?[m?[37mI 18:42:20 11 access.getIsolatedConnection - HHH10001501: Connection obtained from JdbcConnectionAccess [org.hibernate.engine.jdbc.env.internal.JdbcEnvironmentInitiator$ConnectionProviderJdbcConnectionAccess@797e24ad] for (non-JTA) DDL execution was not in auto-commit mode; the Connection 'local transaction' will be committed and the Connection will be set into auto-commit mode.
?[m?[37mI 18:42:20 11 HibernateObserver.makeSessionFactoryForSchema - Created session factory for schema CashSchemaV1(name=net.corda.schemas.CashSchema, version=1)
?[m?[37mI 18:42:20 11 MockNetwork$MockNode.registerFlowInitiator - Registering flow net.corda.flows.ContractUpgradeFlow$Instigator
?[m?[37mI 18:42:20 180 AbstractNetworkMapService.processRegistrationRequest - Added node Mock Company 0 to network map
?[m?[37mI 18:42:20 180 AbstractNetworkMapService.processRegistrationRequest - Added node Mock Company 1 to network map
?[m?[37mI 18:42:20 180 AbstractNetworkMapService.processRegistrationRequest - Added node Mock Company 2 to network map
?[m?[37mI 18:42:20 180 AbstractNetworkMapService.processRegistrationRequest - Added node Mock Company 3 to network map
?[m?[37mI 18:42:20 180 AbstractNetworkMapService.processRegistrationRequest - Added node Mock Company 4 to network map
?[mExampleFlow call 
ExampleFlow notary.getName() ou=corda.notary.simple,Mock Company 1
State getParticipants Mock Company 2
ExampleFlow txCommand com.example.contract.IOUContract$Commands$Create@7f6c0f3b
IOUContract verify com.example.state.IOUState@bfc1650
State getParticipants Mock Company 2
ExampleFlow txCommand []
FlowLogic Just before sending SignedTransaction(id=D033D2628A61F801B44398648A0BFF89FBDA1AD39496C173E4FA0784600336B4)
Acceptor Call 
IOUContract verify com.example.state.IOUState@44b23dc1
State getParticipants Mock Company 2
IOUContract verify com.example.state.IOUState@3b43b7a4
State getParticipants Mock Company 2
State getParticipants Mock Company 2
State isRelevant Mock Company 2
IOUContract verify com.example.state.IOUState@44776e3
State getParticipants Mock Company 2
State isRelevant Mock Company 2
?[37mI 18:42:21 11 HikariPool.shutdown - HikariPool-46 - Close initiated...
?[m?[37mI 18:42:21 11 HikariPool.shutdown - HikariPool-46 - Closed.
?[m?[37mI 18:42:21 11 HikariPool.shutdown - HikariPool-49 - Close initiated...
?[m?[37mI 18:42:21 11 HikariPool.shutdown - HikariPool-49 - Closed.
?[m?[37mI 18:42:21 11 HikariPool.shutdown - HikariPool-52 - Close initiated...
?[m?[37mI 18:42:21 11 HikariPool.shutdown - HikariPool-52 - Closed.
?[m?[37mI 18:42:21 11 HikariPool.shutdown - HikariPool-55 - Close initiated...
?[m?[37mI 18:42:21 11 HikariPool.shutdown - HikariPool-55 - Closed.
?[m?[37mI 18:42:21 11 HikariPool.shutdown - HikariPool-58 - Close initiated...
?[m?[37mI 18:42:21 11 HikariPool.shutdown - HikariPool-58 - Closed.
?[m?[31mW 18:42:21 11 MockNetwork$MockNode.start - Corda node is running in dev mode.
?[m?[37mI 18:42:21 11 MockNetwork$MockNode.start - Node starting up ...
?[m?[37mI 18:42:21 11 HikariDataSource.<init> - HikariPool-61 - Started.
?[m?[37mI 18:42:21 11 MockNetwork$MockNode.initialiseDatabasePersistence - Connected to h2 database.
?[m?[37mI 18:42:21 11 HikariDataSource.<init> - HikariPool-62 - Started.
?[m?[37mI 18:42:21 11 MockNetwork$MockNode.obtainKeyPair - Identity key not found, generating fresh key!
?[m?[37mI 18:42:21 11 HikariDataSource.<init> - HikariPool-63 - Started.
?[m?[37mI 18:42:21 11 MockNetwork$MockNode.obtainKeyPair - Identity key not found, generating fresh key!
?[m?[37mI 18:42:21 11 MockNetwork$MockNode.registerFlowInitiator - Registering flow com.example.flow.ExampleFlow$Initiator
?[m?[37mI 18:42:21 11 MockNetwork$MockNode.registerFlowInitiator - Registering flow net.corda.flows.NotaryChangeFlow$Instigator
?[m?[37mI 18:42:21 11 MockNetwork$MockNode.registerFlowInitiator - Registering flow net.corda.flows.FetchTransactionsFlow
?[m?[37mI 18:42:21 11 MockNetwork$MockNode.registerFlowInitiator - Registering flow net.corda.flows.FetchAttachmentsFlow
?[m?[37mI 18:42:21 11 MockNetwork$MockNode.registerFlowInitiator - Registering flow net.corda.flows.BroadcastTransactionFlow
?[m?[37mI 18:42:21 11 HibernateObserver.makeSessionFactoryForSchema - Creating session factory for schema CashSchemaV1(name=net.corda.schemas.CashSchema, version=1)
?[m?[37mI 18:42:21 11 ConnectionProviderInitiator.initiateService - HHH000130: Instantiating explicit connection provider: net.corda.node.services.schema.HibernateObserver$NodeDatabaseConnectionProvider
?[m?[37mI 18:42:21 11 Dialect.<init> - HHH000400: Using dialect: org.hibernate.dialect.H2Dialect
?[m?[37mI 18:42:21 11 access.getIsolatedConnection - HHH10001501: Connection obtained from JdbcConnectionAccess [org.hibernate.engine.jdbc.env.internal.JdbcEnvironmentInitiator$ConnectionProviderJdbcConnectionAccess@291fc33b] for (non-JTA) DDL execution was not in auto-commit mode; the Connection 'local transaction' will be committed and the Connection will be set into auto-commit mode.
?[m?[37mI 18:42:21 11 HibernateObserver.makeSessionFactoryForSchema - Created session factory for schema CashSchemaV1(name=net.corda.schemas.CashSchema, version=1)
?[m?[37mI 18:42:21 11 MockNetwork$MockNode.registerFlowInitiator - Registering flow net.corda.flows.ContractUpgradeFlow$Instigator
?[m?[31mW 18:42:21 11 MockNetwork$MockNode.start - Corda node is running in dev mode.
?[m?[37mI 18:42:21 11 MockNetwork$MockNode.start - Node starting up ...
?[m?[37mI 18:42:21 11 HikariDataSource.<init> - HikariPool-64 - Started.
?[m?[37mI 18:42:21 11 MockNetwork$MockNode.initialiseDatabasePersistence - Connected to h2 database.
?[m?[37mI 18:42:21 11 HikariDataSource.<init> - HikariPool-65 - Started.
?[m?[37mI 18:42:21 11 MockNetwork$MockNode.obtainKeyPair - Identity key not found, generating fresh key!
?[m?[37mI 18:42:21 11 HikariDataSource.<init> - HikariPool-66 - Started.
?[m?[37mI 18:42:21 11 MockNetwork$MockNode.obtainKeyPair - Identity key not found, generating fresh key!
?[m?[37mI 18:42:21 11 MockNetwork$MockNode.registerFlowInitiator - Registering flow net.corda.flows.NotaryFlow$Client
?[m?[37mI 18:42:21 11 MockNetwork$MockNode.registerFlowInitiator - Registering flow com.example.flow.ExampleFlow$Initiator
?[m?[37mI 18:42:21 11 MockNetwork$MockNode.registerFlowInitiator - Registering flow net.corda.flows.NotaryChangeFlow$Instigator
?[m?[37mI 18:42:21 11 MockNetwork$MockNode.registerFlowInitiator - Registering flow net.corda.flows.FetchTransactionsFlow
?[m?[37mI 18:42:21 11 MockNetwork$MockNode.registerFlowInitiator - Registering flow net.corda.flows.FetchAttachmentsFlow
?[m?[37mI 18:42:21 11 MockNetwork$MockNode.registerFlowInitiator - Registering flow net.corda.flows.BroadcastTransactionFlow
?[m?[37mI 18:42:21 11 HibernateObserver.makeSessionFactoryForSchema - Creating session factory for schema CashSchemaV1(name=net.corda.schemas.CashSchema, version=1)
?[m?[37mI 18:42:21 11 ConnectionProviderInitiator.initiateService - HHH000130: Instantiating explicit connection provider: net.corda.node.services.schema.HibernateObserver$NodeDatabaseConnectionProvider
?[m?[37mI 18:42:21 11 Dialect.<init> - HHH000400: Using dialect: org.hibernate.dialect.H2Dialect
?[m?[37mI 18:42:21 11 access.getIsolatedConnection - HHH10001501: Connection obtained from JdbcConnectionAccess [org.hibernate.engine.jdbc.env.internal.JdbcEnvironmentInitiator$ConnectionProviderJdbcConnectionAccess@4b132ea] for (non-JTA) DDL execution was not in auto-commit mode; the Connection 'local transaction' will be committed and the Connection will be set into auto-commit mode.
?[m?[37mI 18:42:21 11 HibernateObserver.makeSessionFactoryForSchema - Created session factory for schema CashSchemaV1(name=net.corda.schemas.CashSchema, version=1)
?[m?[37mI 18:42:21 11 MockNetwork$MockNode.registerFlowInitiator - Registering flow net.corda.flows.ContractUpgradeFlow$Instigator
?[m?[31mW 18:42:21 11 MockNetwork$MockNode.start - Corda node is running in dev mode.
?[m?[37mI 18:42:21 11 MockNetwork$MockNode.start - Node starting up ...
?[m?[37mI 18:42:21 11 HikariDataSource.<init> - HikariPool-67 - Started.
?[m?[37mI 18:42:21 11 MockNetwork$MockNode.initialiseDatabasePersistence - Connected to h2 database.
?[m?[37mI 18:42:21 11 HikariDataSource.<init> - HikariPool-68 - Started.
?[m?[37mI 18:42:21 11 HikariDataSource.<init> - HikariPool-69 - Started.
?[m?[37mI 18:42:21 11 MockNetwork$MockNode.obtainKeyPair - Identity key not found, generating fresh key!
?[m?[37mI 18:42:21 11 MockNetwork$MockNode.registerFlowInitiator - Registering flow com.example.flow.ExampleFlow$Initiator
?[m?[37mI 18:42:21 11 MockNetwork$MockNode.registerFlowInitiator - Registering flow net.corda.flows.NotaryChangeFlow$Instigator
?[m?[37mI 18:42:21 11 MockNetwork$MockNode.registerFlowInitiator - Registering flow net.corda.flows.FetchTransactionsFlow
?[m?[37mI 18:42:21 11 MockNetwork$MockNode.registerFlowInitiator - Registering flow net.corda.flows.FetchAttachmentsFlow
?[m?[37mI 18:42:21 11 MockNetwork$MockNode.registerFlowInitiator - Registering flow net.corda.flows.BroadcastTransactionFlow
?[m?[37mI 18:42:21 11 HibernateObserver.makeSessionFactoryForSchema - Creating session factory for schema CashSchemaV1(name=net.corda.schemas.CashSchema, version=1)
?[m?[37mI 18:42:21 11 ConnectionProviderInitiator.initiateService - HHH000130: Instantiating explicit connection provider: net.corda.node.services.schema.HibernateObserver$NodeDatabaseConnectionProvider
?[m?[37mI 18:42:21 11 Dialect.<init> - HHH000400: Using dialect: org.hibernate.dialect.H2Dialect
?[m?[37mI 18:42:21 11 access.getIsolatedConnection - HHH10001501: Connection obtained from JdbcConnectionAccess [org.hibernate.engine.jdbc.env.internal.JdbcEnvironmentInitiator$ConnectionProviderJdbcConnectionAccess@52f19398] for (non-JTA) DDL execution was not in auto-commit mode; the Connection 'local transaction' will be committed and the Connection will be set into auto-commit mode.
?[m?[37mI 18:42:21 11 HibernateObserver.makeSessionFactoryForSchema - Created session factory for schema CashSchemaV1(name=net.corda.schemas.CashSchema, version=1)
?[m?[37mI 18:42:21 11 MockNetwork$MockNode.registerFlowInitiator - Registering flow net.corda.flows.ContractUpgradeFlow$Instigator
?[m?[31mW 18:42:21 11 MockNetwork$MockNode.start - Corda node is running in dev mode.
?[m?[37mI 18:42:21 11 MockNetwork$MockNode.start - Node starting up ...
?[m?[37mI 18:42:21 11 HikariDataSource.<init> - HikariPool-70 - Started.
?[m?[37mI 18:42:21 11 MockNetwork$MockNode.initialiseDatabasePersistence - Connected to h2 database.
?[m?[37mI 18:42:21 11 HikariDataSource.<init> - HikariPool-71 - Started.
?[m?[37mI 18:42:21 11 HikariDataSource.<init> - HikariPool-72 - Started.
?[m?[37mI 18:42:21 11 MockNetwork$MockNode.obtainKeyPair - Identity key not found, generating fresh key!
?[m?[37mI 18:42:21 11 MockNetwork$MockNode.registerFlowInitiator - Registering flow com.example.flow.ExampleFlow$Initiator
?[m?[37mI 18:42:21 11 MockNetwork$MockNode.registerFlowInitiator - Registering flow net.corda.flows.NotaryChangeFlow$Instigator
?[m?[37mI 18:42:21 11 MockNetwork$MockNode.registerFlowInitiator - Registering flow net.corda.flows.FetchTransactionsFlow
?[m?[37mI 18:42:21 11 MockNetwork$MockNode.registerFlowInitiator - Registering flow net.corda.flows.FetchAttachmentsFlow
?[m?[37mI 18:42:21 11 MockNetwork$MockNode.registerFlowInitiator - Registering flow net.corda.flows.BroadcastTransactionFlow
?[m?[37mI 18:42:21 11 HibernateObserver.makeSessionFactoryForSchema - Creating session factory for schema CashSchemaV1(name=net.corda.schemas.CashSchema, version=1)
?[m?[37mI 18:42:21 11 ConnectionProviderInitiator.initiateService - HHH000130: Instantiating explicit connection provider: net.corda.node.services.schema.HibernateObserver$NodeDatabaseConnectionProvider
?[m?[37mI 18:42:21 11 Dialect.<init> - HHH000400: Using dialect: org.hibernate.dialect.H2Dialect
?[m?[37mI 18:42:21 11 access.getIsolatedConnection - HHH10001501: Connection obtained from JdbcConnectionAccess [org.hibernate.engine.jdbc.env.internal.JdbcEnvironmentInitiator$ConnectionProviderJdbcConnectionAccess@78adfce6] for (non-JTA) DDL execution was not in auto-commit mode; the Connection 'local transaction' will be committed and the Connection will be set into auto-commit mode.
?[m?[37mI 18:42:21 11 HibernateObserver.makeSessionFactoryForSchema - Created session factory for schema CashSchemaV1(name=net.corda.schemas.CashSchema, version=1)
?[m?[37mI 18:42:21 11 MockNetwork$MockNode.registerFlowInitiator - Registering flow net.corda.flows.ContractUpgradeFlow$Instigator
?[m?[31mW 18:42:21 11 MockNetwork$MockNode.start - Corda node is running in dev mode.
?[m?[37mI 18:42:21 11 MockNetwork$MockNode.start - Node starting up ...
?[m?[37mI 18:42:21 11 HikariDataSource.<init> - HikariPool-73 - Started.
?[m?[37mI 18:42:21 11 MockNetwork$MockNode.initialiseDatabasePersistence - Connected to h2 database.
?[m?[37mI 18:42:21 11 HikariDataSource.<init> - HikariPool-74 - Started.
?[m?[37mI 18:42:21 11 HikariDataSource.<init> - HikariPool-75 - Started.
?[m?[37mI 18:42:21 11 MockNetwork$MockNode.obtainKeyPair - Identity key not found, generating fresh key!
?[m?[37mI 18:42:21 11 MockNetwork$MockNode.registerFlowInitiator - Registering flow com.example.flow.ExampleFlow$Initiator
?[m?[37mI 18:42:21 11 MockNetwork$MockNode.registerFlowInitiator - Registering flow net.corda.flows.NotaryChangeFlow$Instigator
?[m?[37mI 18:42:21 11 MockNetwork$MockNode.registerFlowInitiator - Registering flow net.corda.flows.FetchTransactionsFlow
?[m?[37mI 18:42:21 11 MockNetwork$MockNode.registerFlowInitiator - Registering flow net.corda.flows.FetchAttachmentsFlow
?[m?[37mI 18:42:21 11 MockNetwork$MockNode.registerFlowInitiator - Registering flow net.corda.flows.BroadcastTransactionFlow
?[m?[37mI 18:42:21 11 HibernateObserver.makeSessionFactoryForSchema - Creating session factory for schema CashSchemaV1(name=net.corda.schemas.CashSchema, version=1)
?[m?[37mI 18:42:21 11 ConnectionProviderInitiator.initiateService - HHH000130: Instantiating explicit connection provider: net.corda.node.services.schema.HibernateObserver$NodeDatabaseConnectionProvider
?[m?[37mI 18:42:21 11 Dialect.<init> - HHH000400: Using dialect: org.hibernate.dialect.H2Dialect
?[m?[37mI 18:42:21 11 access.getIsolatedConnection - HHH10001501: Connection obtained from JdbcConnectionAccess [org.hibernate.engine.jdbc.env.internal.JdbcEnvironmentInitiator$ConnectionProviderJdbcConnectionAccess@1425c295] for (non-JTA) DDL execution was not in auto-commit mode; the Connection 'local transaction' will be committed and the Connection will be set into auto-commit mode.
?[m?[37mI 18:42:21 11 HibernateObserver.makeSessionFactoryForSchema - Created session factory for schema CashSchemaV1(name=net.corda.schemas.CashSchema, version=1)
?[m?[37mI 18:42:21 11 MockNetwork$MockNode.registerFlowInitiator - Registering flow net.corda.flows.ContractUpgradeFlow$Instigator
?[m?[37mI 18:42:21 221 AbstractNetworkMapService.processRegistrationRequest - Added node Mock Company 0 to network map
?[m?[37mI 18:42:21 221 AbstractNetworkMapService.processRegistrationRequest - Added node Mock Company 1 to network map
?[m?[37mI 18:42:22 221 AbstractNetworkMapService.processRegistrationRequest - Added node Mock Company 2 to network map
?[m?[37mI 18:42:22 221 AbstractNetworkMapService.processRegistrationRequest - Added node Mock Company 3 to network map
?[m?[37mI 18:42:22 221 AbstractNetworkMapService.processRegistrationRequest - Added node Mock Company 4 to network map
?[mExampleFlow call 
ExampleFlow notary.getName() ou=corda.notary.simple,Mock Company 1
State getParticipants Mock Company 2
ExampleFlow txCommand com.example.contract.IOUContract$Commands$Create@7363dedc
IOUContract verify com.example.state.IOUState@6942eb9
State getParticipants Mock Company 2
ExampleFlow txCommand []
FlowLogic Just before sending SignedTransaction(id=6E11699F1390DE0B2BB0C519BD560A202EE7468305DE880F10E0F55ECFD896EA)
Acceptor Call 
IOUContract verify com.example.state.IOUState@56e5dfc4
State getParticipants Mock Company 2
IOUContract verify com.example.state.IOUState@76f07c10
State getParticipants Mock Company 2
State getParticipants Mock Company 2
State isRelevant Mock Company 2
IOUContract verify com.example.state.IOUState@70318ba1
State getParticipants Mock Company 2
State isRelevant Mock Company 2
?[37mI 18:42:22 11 HikariPool.shutdown - HikariPool-61 - Close initiated...
?[m?[37mI 18:42:22 11 HikariPool.shutdown - HikariPool-61 - Closed.
?[m?[37mI 18:42:22 11 HikariPool.shutdown - HikariPool-64 - Close initiated...
?[m?[37mI 18:42:22 11 HikariPool.shutdown - HikariPool-64 - Closed.
?[m?[37mI 18:42:22 11 HikariPool.shutdown - HikariPool-67 - Close initiated...
?[m?[37mI 18:42:22 11 HikariPool.shutdown - HikariPool-67 - Closed.
?[m?[37mI 18:42:22 11 HikariPool.shutdown - HikariPool-70 - Close initiated...
?[m?[37mI 18:42:22 11 HikariPool.shutdown - HikariPool-70 - Closed.
?[m?[37mI 18:42:22 11 HikariPool.shutdown - HikariPool-73 - Close initiated...
?[m?[37mI 18:42:22 11 HikariPool.shutdown - HikariPool-73 - Closed.
?[m?[31mW 18:42:22 11 MockNetwork$MockNode.start - Corda node is running in dev mode.
?[m?[37mI 18:42:22 11 MockNetwork$MockNode.start - Node starting up ...
?[m?[37mI 18:42:22 11 HikariDataSource.<init> - HikariPool-76 - Started.
?[m?[37mI 18:42:22 11 MockNetwork$MockNode.initialiseDatabasePersistence - Connected to h2 database.
?[m?[37mI 18:42:22 11 HikariDataSource.<init> - HikariPool-77 - Started.
?[m?[37mI 18:42:22 11 MockNetwork$MockNode.obtainKeyPair - Identity key not found, generating fresh key!
?[m?[37mI 18:42:22 11 HikariDataSource.<init> - HikariPool-78 - Started.
?[m?[37mI 18:42:22 11 MockNetwork$MockNode.obtainKeyPair - Identity key not found, generating fresh key!
[...]
IOUContract verify com.example.state.IOUState@42adca7a
State getParticipants Mock Company 2
ExampleFlow txCommand []
FlowLogic Just before sending SignedTransaction(id=852CF94ED0F911801C73DD3B914C9D66579CFFA0045C04C0632E90E7730059CC)
Acceptor Call 
?[1;31mE 18:42:24 305 [f0d10c5c-cf75-4291-ba61-c433bba99d9e].run - Flow finished with exception
?[m net.corda.core.flows.FlowException: 852CF94ED0F911801C73DD3B914C9D66579CFFA0045C04C0632E90E7730059CC failed signature checks
	at com.example.flow.ExampleFlow$Acceptor.lambda$call$0(ExampleFlow.java:173) ~[main/:?]
	at net.corda.core.utilities.UntrustworthyData.unwrap(UntrustworthyData.kt:24) ~[core-0.11.0.jar:?]
	at com.example.flow.ExampleFlow$Acceptor.call(ExampleFlow.java:158) ~[main/:?]
	at com.example.flow.ExampleFlow$Acceptor.call(ExampleFlow.java:113) ~[main/:?]
	at net.corda.node.services.statemachine.FlowStateMachineImpl.run(FlowStateMachineImpl.kt:127) [node-0.11.0.jar:?]
	at net.corda.node.services.statemachine.FlowStateMachineImpl.run(FlowStateMachineImpl.kt:41) [node-0.11.0.jar:?]
	at co.paralleluniverse.fibers.Fiber.run1(Fiber.java:1067) [quasar-core-0.7.6-jdk8.jar:0.7.6]
	at co.paralleluniverse.fibers.Fiber.exec(Fiber.java:767) [quasar-core-0.7.6-jdk8.jar:0.7.6]
	at co.paralleluniverse.fibers.RunnableFiberTask.doExec(RunnableFiberTask.java:100) [quasar-core-0.7.6-jdk8.jar:0.7.6]
	at co.paralleluniverse.fibers.RunnableFiberTask.run(RunnableFiberTask.java:91) [quasar-core-0.7.6-jdk8.jar:0.7.6]
	at java.util.concurrent.Executors$RunnableAdapter.call(Executors.java:511) [?:1.8.0_121]
	at java.util.concurrent.FutureTask.run(FutureTask.java:266) [?:1.8.0_121]
	at java.util.concurrent.ScheduledThreadPoolExecutor$ScheduledFutureTask.access$201(ScheduledThreadPoolExecutor.java:180) [?:1.8.0_121]
	at java.util.concurrent.ScheduledThreadPoolExecutor$ScheduledFutureTask.run(ScheduledThreadPoolExecutor.java:293) [?:1.8.0_121]
	at java.util.concurrent.ThreadPoolExecutor.runWorker(ThreadPoolExecutor.java:1142) [?:1.8.0_121]
	at java.util.concurrent.ThreadPoolExecutor$Worker.run(ThreadPoolExecutor.java:617) [?:1.8.0_121]
	at net.corda.node.utilities.AffinityExecutor$ServiceAffinityExecutor$1$thread$1.run(AffinityExecutor.kt:69) [node-0.11.0.jar:?]
Caused by: net.corda.core.transactions.SignedTransaction$SignaturesMissingException
	at net.corda.core.transactions.SignedTransaction.verifySignatures(SignedTransaction.kt:79) ~[core-0.11.0.jar:?]
	at com.example.flow.ExampleFlow$Acceptor.lambda$call$0(ExampleFlow.java:166) ~[main/:?]
	... 16 more
?[1;31mE 18:42:24 305 [aac4050d-c4d1-42ef-8c75-481e087812ce].run - Flow ended due to receiving exception
?[m net.corda.core.flows.FlowException: 852CF94ED0F911801C73DD3B914C9D66579CFFA0045C04C0632E90E7730059CC failed signature checks
	at net.corda.node.services.statemachine.FlowStateMachineImpl.erroredEnd(FlowStateMachineImpl.kt:363) ~[node-0.11.0.jar:?]
	at net.corda.node.services.statemachine.FlowStateMachineImpl.waitForLedgerCommit(FlowStateMachineImpl.kt:237) ~[node-0.11.0.jar:?]
	at net.corda.core.flows.FlowLogic.waitForLedgerCommit(FlowLogic.kt:186) ~[core-0.11.0.jar:?]
	at com.example.flow.ExampleFlow$Initiator.call(ExampleFlow.java:109) ~[main/:?]
	at com.example.flow.ExampleFlow$Initiator.call(ExampleFlow.java:36) ~[main/:?]
	at net.corda.node.services.statemachine.FlowStateMachineImpl.run(FlowStateMachineImpl.kt:127) [node-0.11.0.jar:?]
	at net.corda.node.services.statemachine.FlowStateMachineImpl.run(FlowStateMachineImpl.kt:41) [node-0.11.0.jar:?]
	at co.paralleluniverse.fibers.Fiber.run1(Fiber.java:1067) [quasar-core-0.7.6-jdk8.jar:0.7.6]
	at co.paralleluniverse.fibers.Fiber.exec(Fiber.java:767) [quasar-core-0.7.6-jdk8.jar:0.7.6]
	at co.paralleluniverse.fibers.RunnableFiberTask.doExec(RunnableFiberTask.java:100) [quasar-core-0.7.6-jdk8.jar:0.7.6]
	at co.paralleluniverse.fibers.RunnableFiberTask.run(RunnableFiberTask.java:91) [quasar-core-0.7.6-jdk8.jar:0.7.6]
	at java.util.concurrent.Executors$RunnableAdapter.call(Executors.java:511) [?:1.8.0_121]
	at java.util.concurrent.FutureTask.run(FutureTask.java:266) [?:1.8.0_121]
	at java.util.concurrent.ScheduledThreadPoolExecutor$ScheduledFutureTask.access$201(ScheduledThreadPoolExecutor.java:180) [?:1.8.0_121]
	at java.util.concurrent.ScheduledThreadPoolExecutor$ScheduledFutureTask.run(ScheduledThreadPoolExecutor.java:293) [?:1.8.0_121]
	at java.util.concurrent.ThreadPoolExecutor.runWorker(ThreadPoolExecutor.java:1142) [?:1.8.0_121]
	at java.util.concurrent.ThreadPoolExecutor$Worker.run(ThreadPoolExecutor.java:617) [?:1.8.0_121]
	at net.corda.node.utilities.AffinityExecutor$ServiceAffinityExecutor$1$thread$1.run(AffinityExecutor.kt:69) [node-0.11.0.jar:?]
Caused by: net.corda.core.transactions.SignedTransaction$SignaturesMissingException
?[37mI 18:42:24 11 HikariPool.shutdown - HikariPool-91 - Close initiated...
?[m?[37mI 18:42:24 11 HikariPool.shutdown - HikariPool-91 - Closed.
?[m?[37mI 18:42:24 11 HikariPool.shutdown - HikariPool-94 - Close initiated...
?[m?[37mI 18:42:24 11 HikariPool.shutdown - HikariPool-94 - Closed.
?[m?[37mI 18:42:24 11 HikariPool.shutdown - HikariPool-97 - Close initiated...
?[m?[37mI 18:42:24 11 HikariPool.shutdown - HikariPool-97 - Closed.
?[m?[37mI 18:42:24 11 HikariPool.shutdown - HikariPool-100 - Close initiated...
?[m?[37mI 18:42:24 11 HikariPool.shutdown - HikariPool-100 - Closed.
?[m?[37mI 18:42:24 11 HikariPool.shutdown - HikariPool-103 - Close initiated...
?[m?[37mI 18:42:24 11 HikariPool.shutdown - HikariPool-103 - Closed.
?[m?[31mW 18:42:24 11 MockNetwork$MockNode.start - Corda node is running in dev mode.
?[m?[37mI 18:42:24 11 MockNetwork$MockNode.start - Node starting up ...
?[m?[37mI 18:42:24 11 HikariDataSource.<init> - HikariPool-106 - Started.
?[m?[37mI 18:42:24 11 MockNetwork$MockNode.initialiseDatabasePersistence - Connected to h2 database.
?[m?[37mI 18:42:24 11 HikariDataSource.<init> - HikariPool-107 - Started.
?[m?[37mI 18:42:24 11 MockNetwork$MockNode.obtainKeyPair - Identity key not found, generating fresh key!
?[m?[37mI 18:42:24 11 HikariDataSource.<init> - HikariPool-108 - Started.
?[m?[37mI 18:42:24 11 MockNetwork$MockNode.obtainKeyPair - Identity key not found, generating fresh key!
?[m?[37mI 18:42:24 11 MockNetwork$MockNode.registerFlowInitiator - Registering flow com.example.flow.ExampleFlow$Initiator
?[m?[37mI 18:42:24 11 MockNetwork$MockNode.registerFlowInitiator - Registering flow net.corda.flows.NotaryChangeFlow$Instigator
?[m?[37mI 18:42:24 11 MockNetwork$MockNode.registerFlowInitiator - Registering flow net.corda.flows.FetchTransactionsFlow
?[m?[37mI 18:42:24 11 MockNetwork$MockNode.registerFlowInitiator - Registering flow net.corda.flows.FetchAttachmentsFlow
?[m?[37mI 18:42:24 11 MockNetwork$MockNode.registerFlowInitiator - Registering flow net.corda.flows.BroadcastTransactionFlow
?[m?[37mI 18:42:24 11 HibernateObserver.makeSessionFactoryForSchema - Creating session factory for schema CashSchemaV1(name=net.corda.schemas.CashSchema, version=1)
?[m?[37mI 18:42:24 11 ConnectionProviderInitiator.initiateService - HHH000130: Instantiating explicit connection provider: net.corda.node.services.schema.HibernateObserver$NodeDatabaseConnectionProvider
?[m?[37mI 18:42:24 11 Dialect.<init> - HHH000400: Using dialect: org.hibernate.dialect.H2Dialect
?[m?[37mI 18:42:24 11 access.getIsolatedConnection - HHH10001501: Connection obtained from JdbcConnectionAccess [org.hibernate.engine.jdbc.env.internal.JdbcEnvironmentInitiator$ConnectionProviderJdbcConnectionAccess@6dce4c53] for (non-JTA) DDL execution was not in auto-commit mode; the Connection 'local transaction' will be committed and the Connection will be set into auto-commit mode.
?[m?[37mI 18:42:24 11 HibernateObserver.makeSessionFactoryForSchema - Created session factory for schema CashSchemaV1(name=net.corda.schemas.CashSchema, version=1)
?[m?[37mI 18:42:24 11 MockNetwork$MockNode.registerFlowInitiator - Registering flow net.corda.flows.ContractUpgradeFlow$Instigator
?[m?[31mW 18:42:24 11 MockNetwork$MockNode.start - Corda node is running in dev mode.
?[m?[37mI 18:42:24 11 MockNetwork$MockNode.start - Node starting up ...
?[m?[37mI 18:42:24 11 HikariDataSource.<init> - HikariPool-109 - Started.
?[m?[37mI 18:42:24 11 MockNetwork$MockNode.initialiseDatabasePersistence - Connected to h2 database.
?[m?[37mI 18:42:24 11 HikariDataSource.<init> - HikariPool-110 - Started.
?[m?[37mI 18:42:24 11 MockNetwork$MockNode.obtainKeyPair - Identity key not found, generating fresh key!
?[m?[37mI 18:42:24 11 HikariDataSource.<init> - HikariPool-111 - Started.
?[m?[37mI 18:42:24 11 MockNetwork$MockNode.obtainKeyPair - Identity key not found, generating fresh key!
?[m?[37mI 18:42:24 11 MockNetwork$MockNode.registerFlowInitiator - Registering flow net.corda.flows.NotaryFlow$Client
?[m?[37mI 18:42:24 11 MockNetwork$MockNode.registerFlowInitiator - Registering flow com.example.flow.ExampleFlow$Initiator
?[m?[37mI 18:42:24 11 MockNetwork$MockNode.registerFlowInitiator - Registering flow net.corda.flows.NotaryChangeFlow$Instigator
?[m?[37mI 18:42:24 11 MockNetwork$MockNode.registerFlowInitiator - Registering flow net.corda.flows.FetchTransactionsFlow
?[m?[37mI 18:42:24 11 MockNetwork$MockNode.registerFlowInitiator - Registering flow net.corda.flows.FetchAttachmentsFlow
?[m?[37mI 18:42:24 11 MockNetwork$MockNode.registerFlowInitiator - Registering flow net.corda.flows.BroadcastTransactionFlow
?[m?[37mI 18:42:24 11 HibernateObserver.makeSessionFactoryForSchema - Creating session factory for schema CashSchemaV1(name=net.corda.schemas.CashSchema, version=1)
?[m?[37mI 18:42:24 11 ConnectionProviderInitiator.initiateService - HHH000130: Instantiating explicit connection provider: net.corda.node.services.schema.HibernateObserver$NodeDatabaseConnectionProvider
?[m?[37mI 18:42:24 11 Dialect.<init> - HHH000400: Using dialect: org.hibernate.dialect.H2Dialect
?[m?[37mI 18:42:24 11 access.getIsolatedConnection - HHH10001501: Connection obtained from JdbcConnectionAccess [org.hibernate.engine.jdbc.env.internal.JdbcEnvironmentInitiator$ConnectionProviderJdbcConnectionAccess@22dc5e9c] for (non-JTA) DDL execution was not in auto-commit mode; the Connection 'local transaction' will be committed and the Connection will be set into auto-commit mode.
?[m?[37mI 18:42:24 11 HibernateObserver.makeSessionFactoryForSchema - Created session factory for schema CashSchemaV1(name=net.corda.schemas.CashSchema, version=1)
?[m?[37mI 18:42:24 11 MockNetwork$MockNode.registerFlowInitiator - Registering flow net.corda.flows.ContractUpgradeFlow$Instigator
?[m?[31mW 18:42:24 11 MockNetwork$MockNode.start - Corda node is running in dev mode.
?[m?[37mI 18:42:24 11 MockNetwork$MockNode.start - Node starting up ...
?[m?[37mI 18:42:24 11 HikariDataSource.<init> - HikariPool-112 - Started.
?[m?[37mI 18:42:24 11 MockNetwork$MockNode.initialiseDatabasePersistence - Connected to h2 database.
?[m?[37mI 18:42:24 11 HikariDataSource.<init> - HikariPool-113 - Started.
?[m?[37mI 18:42:24 11 HikariDataSource.<init> - HikariPool-114 - Started.
?[m?[37mI 18:42:24 11 MockNetwork$MockNode.obtainKeyPair - Identity key not found, generating fresh key!
?[m?[37mI 18:42:24 11 MockNetwork$MockNode.registerFlowInitiator - Registering flow com.example.flow.ExampleFlow$Initiator
?[m?[37mI 18:42:24 11 MockNetwork$MockNode.registerFlowInitiator - Registering flow net.corda.flows.NotaryChangeFlow$Instigator
?[m?[37mI 18:42:24 11 MockNetwork$MockNode.registerFlowInitiator - Registering flow net.corda.flows.FetchTransactionsFlow
?[m?[37mI 18:42:24 11 MockNetwork$MockNode.registerFlowInitiator - Registering flow net.corda.flows.FetchAttachmentsFlow
?[m?[37mI 18:42:24 11 MockNetwork$MockNode.registerFlowInitiator - Registering flow net.corda.flows.BroadcastTransactionFlow
?[m?[37mI 18:42:24 11 HibernateObserver.makeSessionFactoryForSchema - Creating session factory for schema CashSchemaV1(name=net.corda.schemas.CashSchema, version=1)
?[m?[37mI 18:42:24 11 ConnectionProviderInitiator.initiateService - HHH000130: Instantiating explicit connection provider: net.corda.node.services.schema.HibernateObserver$NodeDatabaseConnectionProvider
?[m?[37mI 18:42:24 11 Dialect.<init> - HHH000400: Using dialect: org.hibernate.dialect.H2Dialect
?[m?[37mI 18:42:24 11 access.getIsolatedConnection - HHH10001501: Connection obtained from JdbcConnectionAccess [org.hibernate.engine.jdbc.env.internal.JdbcEnvironmentInitiator$ConnectionProviderJdbcConnectionAccess@354256ab] for (non-JTA) DDL execution was not in auto-commit mode; the Connection 'local transaction' will be committed and the Connection will be set into auto-commit mode.
?[m?[37mI 18:42:24 11 HibernateObserver.makeSessionFactoryForSchema - Created session factory for schema CashSchemaV1(name=net.corda.schemas.CashSchema, version=1)
?[m?[37mI 18:42:24 11 MockNetwork$MockNode.registerFlowInitiator - Registering flow net.corda.flows.ContractUpgradeFlow$Instigator
?[m?[31mW 18:42:24 11 MockNetwork$MockNode.start - Corda node is running in dev mode.
?[m?[37mI 18:42:24 11 MockNetwork$MockNode.start - Node starting up ...
?[m?[37mI 18:42:24 11 HikariDataSource.<init> - HikariPool-115 - Started.
?[m?[37mI 18:42:24 11 MockNetwork$MockNode.initialiseDatabasePersistence - Connected to h2 database.
?[m?[37mI 18:42:24 11 HikariDataSource.<init> - HikariPool-116 - Started.
?[m?[37mI 18:42:24 11 HikariDataSource.<init> - HikariPool-117 - Started.
?[m?[37mI 18:42:24 11 MockNetwork$MockNode.obtainKeyPair - Identity key not found, generating fresh key!
?[m?[37mI 18:42:24 11 MockNetwork$MockNode.registerFlowInitiator - Registering flow com.example.flow.ExampleFlow$Initiator
?[m?[37mI 18:42:24 11 MockNetwork$MockNode.registerFlowInitiator - Registering flow net.corda.flows.NotaryChangeFlow$Instigator
?[m?[37mI 18:42:24 11 MockNetwork$MockNode.registerFlowInitiator - Registering flow net.corda.flows.FetchTransactionsFlow
?[m?[37mI 18:42:24 11 MockNetwork$MockNode.registerFlowInitiator - Registering flow net.corda.flows.FetchAttachmentsFlow
?[m?[37mI 18:42:24 11 MockNetwork$MockNode.registerFlowInitiator - Registering flow net.corda.flows.BroadcastTransactionFlow
?[m?[37mI 18:42:24 11 HibernateObserver.makeSessionFactoryForSchema - Creating session factory for schema CashSchemaV1(name=net.corda.schemas.CashSchema, version=1)
?[m?[37mI 18:42:24 11 ConnectionProviderInitiator.initiateService - HHH000130: Instantiating explicit connection provider: net.corda.node.services.schema.HibernateObserver$NodeDatabaseConnectionProvider
?[m?[37mI 18:42:24 11 Dialect.<init> - HHH000400: Using dialect: org.hibernate.dialect.H2Dialect
?[m?[37mI 18:42:24 11 access.getIsolatedConnection - HHH10001501: Connection obtained from JdbcConnectionAccess [org.hibernate.engine.jdbc.env.internal.JdbcEnvironmentInitiator$ConnectionProviderJdbcConnectionAccess@33380c81] for (non-JTA) DDL execution was not in auto-commit mode; the Connection 'local transaction' will be committed and the Connection will be set into auto-commit mode.
?[m?[37mI 18:42:24 11 HibernateObserver.makeSessionFactoryForSchema - Created session factory for schema CashSchemaV1(name=net.corda.schemas.CashSchema, version=1)
?[m?[37mI 18:42:24 11 MockNetwork$MockNode.registerFlowInitiator - Registering flow net.corda.flows.ContractUpgradeFlow$Instigator
?[m?[31mW 18:42:24 11 MockNetwork$MockNode.start - Corda node is running in dev mode.
?[m?[37mI 18:42:24 11 MockNetwork$MockNode.start - Node starting up ...
?[m?[37mI 18:42:24 11 HikariDataSource.<init> - HikariPool-118 - Started.
?[m?[37mI 18:42:24 11 MockNetwork$MockNode.initialiseDatabasePersistence - Connected to h2 database.
?[m?[37mI 18:42:24 11 HikariDataSource.<init> - HikariPool-119 - Started.
?[m?[37mI 18:42:24 11 HikariDataSource.<init> - HikariPool-120 - Started.
?[m?[37mI 18:42:24 11 MockNetwork$MockNode.obtainKeyPair - Identity key not found, generating fresh key!
?[m?[37mI 18:42:24 11 MockNetwork$MockNode.registerFlowInitiator - Registering flow com.example.flow.ExampleFlow$Initiator
?[m?[37mI 18:42:24 11 MockNetwork$MockNode.registerFlowInitiator - Registering flow net.corda.flows.NotaryChangeFlow$Instigator
?[m?[37mI 18:42:24 11 MockNetwork$MockNode.registerFlowInitiator - Registering flow net.corda.flows.FetchTransactionsFlow
?[m?[37mI 18:42:24 11 MockNetwork$MockNode.registerFlowInitiator - Registering flow net.corda.flows.FetchAttachmentsFlow
?[m?[37mI 18:42:24 11 MockNetwork$MockNode.registerFlowInitiator - Registering flow net.corda.flows.BroadcastTransactionFlow
?[m?[37mI 18:42:24 11 HibernateObserver.makeSessionFactoryForSchema - Creating session factory for schema CashSchemaV1(name=net.corda.schemas.CashSchema, version=1)
?[m?[37mI 18:42:24 11 ConnectionProviderInitiator.initiateService - HHH000130: Instantiating explicit connection provider: net.corda.node.services.schema.HibernateObserver$NodeDatabaseConnectionProvider
?[m?[37mI 18:42:24 11 Dialect.<init> - HHH000400: Using dialect: org.hibernate.dialect.H2Dialect
?[m?[37mI 18:42:24 11 access.getIsolatedConnection - HHH10001501: Connection obtained from JdbcConnectionAccess [org.hibernate.engine.jdbc.env.internal.JdbcEnvironmentInitiator$ConnectionProviderJdbcConnectionAccess@7b8f0a98] for (non-JTA) DDL execution was not in auto-commit mode; the Connection 'local transaction' will be committed and the Connection will be set into auto-commit mode.
?[m?[37mI 18:42:24 11 HibernateObserver.makeSessionFactoryForSchema - Created session factory for schema CashSchemaV1(name=net.corda.schemas.CashSchema, version=1)
?[m?[37mI 18:42:24 11 MockNetwork$MockNode.registerFlowInitiator - Registering flow net.corda.flows.ContractUpgradeFlow$Instigator
?[m?[37mI 18:42:24 347 AbstractNetworkMapService.processRegistrationRequest - Added node Mock Company 0 to network map
?[m?[37mI 18:42:24 347 AbstractNetworkMapService.processRegistrationRequest - Added node Mock Company 1 to network map
?[m?[37mI 18:42:24 347 AbstractNetworkMapService.processRegistrationRequest - Added node Mock Company 2 to network map
?[m?[37mI 18:42:24 347 AbstractNetworkMapService.processRegistrationRequest - Added node Mock Company 3 to network map
?[m?[37mI 18:42:24 347 AbstractNetworkMapService.processRegistrationRequest - Added node Mock Company 4 to network map
?[mExampleFlow call 
ExampleFlow notary.getName() ou=corda.notary.simple,Mock Company 1
State getParticipants Mock Company 2
ExampleFlow txCommand com.example.contract.IOUContract$Commands$Create@703d254c
IOUContract verify com.example.state.IOUState@6c10d57
State getParticipants Mock Company 2
ExampleFlow txCommand []
FlowLogic Just before sending SignedTransaction(id=856BC13490AB32D8A7917AE755AFD6EFDA25E25A3A05DF9661563693D7D19331)
Acceptor Call 
IOUContract verify com.example.state.IOUState@6642a4f9
State getParticipants Mock Company 2
IOUContract verify com.example.state.IOUState@58c6c25a
State getParticipants Mock Company 2
State getParticipants Mock Company 2
State isRelevant Mock Company 2
IOUContract verify com.example.state.IOUState@72648c6c
State getParticipants Mock Company 2
State isRelevant Mock Company 2
?[37mI 18:42:25 11 HikariPool.shutdown - HikariPool-106 - Close initiated...
?[m?[37mI 18:42:25 11 HikariPool.shutdown - HikariPool-106 - Closed.
?[m?[37mI 18:42:25 11 HikariPool.shutdown - HikariPool-109 - Close initiated...
?[m?[37mI 18:42:25 11 HikariPool.shutdown - HikariPool-109 - Closed.
?[m?[37mI 18:42:25 11 HikariPool.shutdown - HikariPool-112 - Close initiated...
?[m?[37mI 18:42:25 11 HikariPool.shutdown - HikariPool-112 - Closed.
?[m?[37mI 18:42:25 11 HikariPool.shutdown - HikariPool-115 - Close initiated...
?[m?[37mI 18:42:25 11 HikariPool.shutdown - HikariPool-115 - Closed.
?[m?[37mI 18:42:25 11 HikariPool.shutdown - HikariPool-118 - Close initiated...
?[m?[37mI 18:42:25 11 HikariPool.shutdown - HikariPool-118 - Closed.
?[m]]></system-out>
  <system-err><![CDATA[QUASAR WARNING: Assertions enabled. This may harm performance.
QUASAR WARNING: Fibers are set to verify instrumentation. This may *severely* harm performance.
]]></system-err>
</testsuite>
